   3.2740e-01   1.9140e+00   0.0000e+00   7.0095e-08   1.9984e-04   4.1000e-01   2.3000e-02   1.1689e+03   6.5574e+01
   4.2600e-01   2.0126e+00   0.0000e+00   1.5402e-07   1.8663e-04   4.0500e-01   9.0000e-03   4.9076e+02   1.0906e+01
   5.1800e-01   2.1046e+00   0.0000e+00   2.4994e-07   1.7557e-04   3.9400e-01   9.0000e-03   2.7677e+02   6.3222e+00
   5.8150e-01   2.1681e+00   0.0000e+00   3.2103e-07   1.6882e-04   4.2200e-01   1.3000e-02   2.2192e+02   6.8363e+00
   7.0240e-01   2.2890e+00   0.0000e+00   4.5951e-07   1.5804e-04   4.2400e-01   1.0000e-02   1.4583e+02   3.4394e+00
   7.9680e-01   2.3834e+00   0.0000e+00   5.6668e-07   1.5143e-04   4.2700e-01   5.0000e-03   1.1411e+02   1.3361e+00
   1.2337e+00   2.8203e+00   0.0000e+00   1.0320e-06   1.3631e-04   4.3900e-01   6.0000e-03   5.7987e+01   7.9253e-01
   1.2347e+00   2.8213e+00   0.0000e+00   1.0330e-06   1.3630e-04   4.4300e-01   7.0000e-03   5.8452e+01   9.2362e-01


   1.7188e-01   1.7585e+00   0.0000e+00   4.7108e-09   2.2184e-04   4.1700e-01   2.0000e-02   1.9637e+04   9.4183e+02
   1.0742e-01   1.6940e+00   0.0000e+00   2.8453e-10   2.3092e-04   4.1500e-01   2.9000e-02   3.3681e+05   2.3536e+04
   9.4533e-02   1.6811e+00   0.0000e+00   1.1456e-10   2.3273e-04   3.8000e-01   3.0000e-02   7.7195e+05   6.0943e+04


   1.1020e+00   2.6886e+00   0.0000e+00   8.9638e-07   1.3874e-04   4.8000e-01   3.0000e-02   7.4292e+01   4.6432e+00
   1.4030e+00   2.9896e+00   0.0000e+00   1.2030e-06   1.3507e-04   4.6000e-01   2.0000e-02   5.1651e+01   2.2457e+00
   1.4030e+00   2.9896e+00   0.0000e+00   1.2030e-06   1.3507e-04   4.6800e-01   1.3000e-02   5.2549e+01   1.4597e+00
   1.8040e+00   3.3906e+00   0.0000e+00   1.6030e-06   1.3792e-04   4.5000e-01   2.0000e-02   3.8717e+01   1.7208e+00
   2.1560e+00   3.7426e+00   0.0000e+00   1.9574e-06   1.4476e-04   4.0300e-01   1.6000e-02   2.9805e+01   1.1833e+00
   2.5970e+00   4.1836e+00   0.0000e+00   2.4243e-06   1.5775e-04   4.2000e-01   2.0000e-02   2.7330e+01   1.3014e+00


   3.0340e-01   1.8900e+00   0.0000e+00   5.4090e-08   2.0320e-04   4.4000e-01   8.0000e-02   1.6529e+03   3.0054e+02
   3.8490e-01   1.9715e+00   0.0000e+00   1.1594e-07   1.9200e-04   4.1000e-01   7.0000e-02   6.7900e+02   1.1593e+02
   4.7420e-01   2.0608e+00   0.0000e+00   2.0284e-07   1.8066e-04   3.9000e-01   5.0000e-02   3.4736e+02   4.4534e+01
   5.9310e-01   2.1797e+00   0.0000e+00   3.3423e-07   1.6766e-04   3.5000e-01   4.0000e-02   1.7558e+02   2.0066e+01
   6.7170e-01   2.2583e+00   0.0000e+00   4.2431e-07   1.6052e-04   4.0000e-01   5.0000e-02   1.5133e+02   1.8916e+01
   6.7180e-01   2.2584e+00   0.0000e+00   4.2442e-07   1.6051e-04   3.9000e-01   7.0000e-02   1.4749e+02   2.6473e+01
   8.1500e-01   2.4016e+00   0.0000e+00   5.8708e-07   1.5032e-04   3.4000e-01   4.0000e-02   8.7058e+01   1.0242e+01
   8.5600e-01   2.4426e+00   0.0000e+00   6.3270e-07   1.4801e-04   4.2000e-01   6.0000e-02   9.8256e+01   1.4037e+01
   9.0280e-01   2.4894e+00   0.0000e+00   6.8415e-07   1.4567e-04   3.6000e-01   5.0000e-02   7.6654e+01   1.0646e+01
   9.5160e-01   2.5382e+00   0.0000e+00   7.3712e-07   1.4355e-04   4.2000e-01   5.0000e-02   8.1791e+01   9.7370e+00
   9.9400e-01   2.5806e+00   0.0000e+00   7.8259e-07   1.4194e-04   4.0000e-01   4.0000e-02   7.2547e+01   7.2547e+00
   1.0840e+00   2.6706e+00   0.0000e+00   8.7760e-07   1.3919e-04   4.2000e-01   5.0000e-02   6.6612e+01   7.9300e+00
   1.1290e+00   2.7156e+00   0.0000e+00   9.2442e-07   1.3812e-04   3.6000e-01   4.0000e-02   5.3787e+01   5.9764e+00
   1.1545e+00   2.7411e+00   0.0000e+00   9.5078e-07   1.3759e-04   4.1000e-01   5.0000e-02   5.9333e+01   7.2358e+00
   1.2674e+00   2.8540e+00   0.0000e+00   1.0662e-06   1.3591e-04   3.6000e-01   6.0000e-02   4.5889e+01   7.6481e+00
   1.3741e+00   2.9607e+00   0.0000e+00   1.1740e-06   1.3516e-04   4.5000e-01   6.0000e-02   5.1809e+01   6.9078e+00
   1.4520e+00   3.0386e+00   0.0000e+00   1.2520e-06   1.3504e-04   3.5000e-01   6.0000e-02   3.7749e+01   6.4713e+00


