   3.1223e+00   4.7089e+00   2.9976e+01   1.0916e+00   6.4324e+01   1.0728e+00   1.7847e-02   6.3213e+01   1.0516e+00
   3.1223e+00   4.7089e+00   3.9260e+01   4.7160e-01   2.7789e+01   4.6577e-01   6.0439e-03   2.7445e+01   3.5613e-01
   3.1223e+00   4.7089e+00   4.3569e+01   3.2292e-01   1.9028e+01   3.1962e-01   4.0621e-03   1.8833e+01   2.3936e-01
   3.1223e+00   4.7089e+00   4.9963e+01   1.8592e-01   1.0955e+01   1.7664e-01   3.0323e-03   1.0408e+01   1.7868e-01
   3.1223e+00   4.7089e+00   5.9959e+01   9.2504e-02   5.4508e+00   8.7883e-02   1.4392e-03   5.1784e+00   8.4803e-02
   3.1223e+00   4.7089e+00   6.0607e+01   8.9730e-02   5.2873e+00   8.7117e-02   1.2402e-03   5.1333e+00   7.3078e-02
   3.1223e+00   4.7089e+00   6.8970e+01   7.4295e-02   4.3778e+00   7.0926e-02   1.1545e-03   4.1793e+00   6.8026e-02
   3.1223e+00   4.7089e+00   6.9955e+01   7.4163e-02   4.3700e+00   7.0647e-02   1.0408e-03   4.1629e+00   6.1327e-02
   3.1223e+00   4.7089e+00   7.7196e+01   7.7110e-02   4.5437e+00   7.3127e-02   1.1918e-03   4.3089e+00   7.0228e-02
   3.1223e+00   4.7089e+00   8.9952e+01   7.5538e-02   4.4510e+00   7.4551e-02   1.1036e-03   4.3929e+00   6.5030e-02
   3.1223e+00   4.7089e+00   9.3115e+01   7.1197e-02   4.1953e+00   6.8494e-02   1.3906e-03   4.0360e+00   8.1943e-02
   3.1223e+00   4.7089e+00   9.9953e+01   5.6750e-02   3.3439e+00   5.5073e-02   8.4074e-04   3.2451e+00   4.9540e-02
   3.1223e+00   4.7089e+00   1.0074e+02   5.4768e-02   3.2272e+00   5.3045e-02   9.2325e-04   3.1256e+00   5.4402e-02
   3.1223e+00   4.7089e+00   1.0807e+02   3.5224e-02   2.0755e+00   3.4795e-02   8.5839e-04   2.0503e+00   5.0580e-02
   3.1223e+00   4.7089e+00   1.0995e+02   3.0466e-02   1.7952e+00   3.0119e-02   5.7980e-04   1.7748e+00   3.4164e-02
   3.1223e+00   4.7089e+00   1.2171e+02   1.4025e-02   8.2641e-01   1.2982e-02   6.0642e-04   7.6498e-01   3.5733e-02
   3.1223e+00   4.7089e+00   1.2996e+02   2.5943e-02   1.5287e+00   2.5499e-02   4.1672e-04   1.5025e+00   2.4555e-02
   3.1223e+00   4.7089e+00   1.3497e+02   4.5205e-02   2.6637e+00   4.4260e-02   7.2530e-04   2.6080e+00   4.2738e-02
   3.1223e+00   4.7089e+00   1.3890e+02   6.6650e-02   3.9273e+00   6.7137e-02   2.3334e-03   3.9560e+00   1.3749e-01
   3.1247e+00   4.7113e+00   3.9260e+01   4.7032e-01   2.7703e+01   4.7278e-01   6.2517e-03   2.7848e+01   3.6824e-01
   3.1247e+00   4.7113e+00   4.3569e+01   3.2272e-01   1.9009e+01   3.2138e-01   3.9990e-03   1.8931e+01   2.3555e-01
   3.1247e+00   4.7113e+00   4.9963e+01   1.8660e-01   1.0991e+01   1.8395e-01   3.2132e-03   1.0835e+01   1.8927e-01
   3.1247e+00   4.7113e+00   5.2133e+01   1.5648e-01   9.2169e+00   1.5414e-01   1.7459e-03   9.0790e+00   1.0284e-01
   3.1247e+00   4.7113e+00   5.9958e+01   9.3390e-02   5.5010e+00   8.9434e-02   1.4518e-03   5.2680e+00   8.5513e-02
   3.1247e+00   4.7113e+00   6.0607e+01   9.0597e-02   5.3365e+00   8.5563e-02   1.2036e-03   5.0399e+00   7.0897e-02
   3.1247e+00   4.7113e+00   6.8970e+01   7.4769e-02   4.4041e+00   7.1051e-02   1.1188e-03   4.1851e+00   6.5902e-02
   3.1247e+00   4.7113e+00   6.9955e+01   7.4580e-02   4.3930e+00   7.1499e-02   1.0207e-03   4.2115e+00   6.0120e-02
   3.1247e+00   4.7113e+00   9.3115e+01   7.0559e-02   4.1562e+00   6.9516e-02   1.4115e-03   4.0947e+00   8.3144e-02
   3.1247e+00   4.7113e+00   9.9953e+01   5.6015e-02   3.2994e+00   5.5514e-02   8.4031e-04   3.2699e+00   4.9497e-02
   3.1247e+00   4.7113e+00   1.0074e+02   5.4029e-02   3.1825e+00   5.2730e-02   9.5884e-04   3.1059e+00   5.6478e-02
   3.1247e+00   4.7113e+00   1.0807e+02   3.4517e-02   2.0332e+00   3.5032e-02   7.7090e-04   2.0635e+00   4.5409e-02
   3.1247e+00   4.7113e+00   1.0995e+02   2.9786e-02   1.7545e+00   2.8401e-02   5.4056e-04   1.6729e+00   3.1840e-02
   3.1247e+00   4.7113e+00   1.1996e+02   1.3912e-02   8.1948e-01   1.3634e-02   2.8824e-04   8.0307e-01   1.6978e-02
   3.1247e+00   4.7113e+00   1.2996e+02   2.5538e-02   1.5043e+00   2.5298e-02   4.3795e-04   1.4902e+00   2.5796e-02
   3.1247e+00   4.7113e+00   1.3497e+02   4.4670e-02   2.6312e+00   4.4622e-02   7.5039e-04   2.6284e+00   4.4200e-02
   3.1271e+00   4.7137e+00   3.9260e+01   4.6907e-01   2.7620e+01   4.7048e-01   5.7535e-03   2.7702e+01   3.3877e-01
   3.1271e+00   4.7137e+00   4.3569e+01   3.2253e-01   1.8991e+01   3.1277e-01   4.1106e-03   1.8417e+01   2.4204e-01
   3.1271e+00   4.7137e+00   4.9963e+01   1.8726e-01   1.1026e+01   1.7649e-01   3.3977e-03   1.0392e+01   2.0006e-01
   3.1271e+00   4.7137e+00   5.2133e+01   1.5727e-01   9.2606e+00   1.5717e-01   1.9232e-03   9.2543e+00   1.1324e-01
   3.1271e+00   4.7137e+00   5.9958e+01   9.4249e-02   5.5495e+00   8.9758e-02   1.7847e-03   5.2851e+00   1.0508e-01
   3.1271e+00   4.7137e+00   6.0607e+01   9.1438e-02   5.3840e+00   8.6399e-02   1.1082e-03   5.0873e+00   6.5252e-02
   3.1271e+00   4.7137e+00   6.8970e+01   7.5226e-02   4.4294e+00   7.3054e-02   1.3409e-03   4.3016e+00   7.8956e-02
   3.1271e+00   4.7137e+00   6.9955e+01   7.4981e-02   4.4150e+00   7.3227e-02   1.0196e-03   4.3117e+00   6.0034e-02
   3.1271e+00   4.7137e+00   7.7196e+01   7.7102e-02   4.5399e+00   7.4007e-02   1.4594e-03   4.3577e+00   8.5934e-02
   3.1271e+00   4.7137e+00   8.9952e+01   7.4443e-02   4.3834e+00   7.2838e-02   1.0765e-03   4.2888e+00   6.3388e-02
   3.1271e+00   4.7137e+00   9.3115e+01   6.9942e-02   4.1183e+00   6.8771e-02   1.3936e-03   4.0494e+00   8.2058e-02
   3.1271e+00   4.7137e+00   9.9953e+01   5.5308e-02   3.2566e+00   5.5811e-02   9.3217e-04   3.2862e+00   5.4888e-02
   3.1271e+00   4.7137e+00   1.0074e+02   5.3319e-02   3.1395e+00   5.1373e-02   9.2257e-04   3.0249e+00   5.4323e-02
   3.1271e+00   4.7137e+00   1.0807e+02   3.3843e-02   1.9927e+00   3.2550e-02   6.3206e-04   1.9166e+00   3.7217e-02
   3.1271e+00   4.7137e+00   1.0995e+02   2.9138e-02   1.7157e+00   2.8275e-02   6.0814e-04   1.6649e+00   3.5809e-02
   3.1271e+00   4.7137e+00   1.1996e+02   1.3459e-02   7.9250e-01   1.3159e-02   3.0840e-04   7.7484e-01   1.8159e-02
   3.1271e+00   4.7137e+00   1.2996e+02   2.5154e-02   1.4811e+00   2.4827e-02   3.6827e-04   1.4619e+00   2.1684e-02
   3.1271e+00   4.7137e+00   1.3497e+02   4.4155e-02   2.5999e+00   4.4488e-02   6.1249e-04   2.6196e+00   3.6064e-02


   2.4703e+00   4.0569e+00   2.9981e+01   1.0287e+00   6.9082e+01   1.0500e+00   1.4809e-02   7.0517e+01   9.9456e-01
   2.4703e+00   4.0569e+00   3.9260e+01   5.2213e-01   3.5065e+01   5.2974e-01   5.2230e-03   3.5576e+01   3.5076e-01
   2.4703e+00   4.0569e+00   4.3569e+01   4.0786e-01   2.7391e+01   4.3345e-01   4.3606e-03   2.9109e+01   2.9285e-01
   2.4703e+00   4.0569e+00   4.9971e+01   2.9265e-01   1.9653e+01   3.0032e-01   3.5984e-03   2.0169e+01   2.4166e-01
   2.4703e+00   4.0569e+00   5.9967e+01   1.7992e-01   1.2083e+01   1.8698e-01   2.1588e-03   1.2557e+01   1.4498e-01
   2.4703e+00   4.0569e+00   6.0607e+01   1.7446e-01   1.1716e+01   1.8382e-01   2.1069e-03   1.2345e+01   1.4150e-01
   2.4703e+00   4.0569e+00   6.8970e+01   1.1664e-01   7.8334e+00   1.2164e-01   2.1206e-03   8.1693e+00   1.4242e-01
   2.4703e+00   4.0569e+00   6.9964e+01   1.1121e-01   7.4683e+00   1.0846e-01   1.3685e-03   7.2841e+00   9.1906e-02
   2.4703e+00   4.0569e+00   7.7196e+01   7.9119e-02   5.3134e+00   8.1708e-02   1.7516e-03   5.4873e+00   1.1763e-01
   2.4703e+00   4.0569e+00   8.9962e+01   4.7990e-02   3.2229e+00   4.7171e-02   9.9563e-04   3.1679e+00   6.6864e-02
   2.4703e+00   4.0569e+00   9.3115e+01   4.4064e-02   2.9592e+00   4.1998e-02   6.9401e-04   2.8205e+00   4.6608e-02
   2.4703e+00   4.0569e+00   9.9963e+01   3.9001e-02   2.6192e+00   3.8571e-02   1.2027e-03   2.5904e+00   8.0773e-02
   2.4703e+00   4.0569e+00   1.0074e+02   3.8659e-02   2.5962e+00   3.7569e-02   7.8146e-04   2.5230e+00   5.2481e-02
   2.4703e+00   4.0569e+00   1.0807e+02   3.6819e-02   2.4727e+00   3.6924e-02   1.1317e-03   2.4798e+00   7.6000e-02
   2.4703e+00   4.0569e+00   1.0996e+02   3.6593e-02   2.4575e+00   3.7072e-02   8.2857e-04   2.4897e+00   5.5645e-02
   2.4703e+00   4.0569e+00   1.2171e+02   3.5048e-02   2.3537e+00   3.5240e-02   1.0980e-03   2.3666e+00   7.3741e-02
   2.4703e+00   4.0569e+00   1.2997e+02   3.2490e-02   2.1820e+00   3.2403e-02   5.9227e-04   2.1761e+00   3.9775e-02
   2.4703e+00   4.0569e+00   1.3497e+02   3.0300e-02   2.0349e+00   3.0103e-02   4.7753e-04   2.0216e+00   3.2070e-02
   2.4703e+00   4.0569e+00   1.3890e+02   2.8390e-02   1.9066e+00   2.8765e-02   1.0967e-03   1.9318e+00   7.3653e-02
   2.4732e+00   4.0598e+00   3.9260e+01   5.2150e-01   3.4996e+01   5.4661e-01   5.2233e-03   3.6681e+01   3.5051e-01
   2.4732e+00   4.0598e+00   4.3569e+01   4.0747e-01   2.7344e+01   4.2264e-01   4.5052e-03   2.8362e+01   3.0233e-01
   2.4732e+00   4.0598e+00   4.9971e+01   2.9242e-01   1.9624e+01   3.0239e-01   3.4158e-03   2.0292e+01   2.2922e-01
   2.4732e+00   4.0598e+00   5.2133e+01   2.6277e-01   1.7633e+01   2.8058e-01   2.7851e-03   1.8829e+01   1.8690e-01
   2.4732e+00   4.0598e+00   5.9967e+01   1.7979e-01   1.2065e+01   1.8768e-01   2.1580e-03   1.2594e+01   1.4482e-01
   2.4732e+00   4.0598e+00   6.0607e+01   1.7434e-01   1.1699e+01   1.8187e-01   2.1300e-03   1.2204e+01   1.4294e-01
   2.4732e+00   4.0598e+00   6.8970e+01   1.1654e-01   7.8204e+00   1.2214e-01   1.7667e-03   8.1961e+00   1.1856e-01
   2.4732e+00   4.0598e+00   6.9964e+01   1.1110e-01   7.4556e+00   1.1308e-01   1.4505e-03   7.5882e+00   9.7338e-02
   2.4732e+00   4.0598e+00   9.3115e+01   4.4051e-02   2.9561e+00   4.2509e-02   1.0626e-03   2.8526e+00   7.1304e-02
   2.4732e+00   4.0598e+00   9.9963e+01   3.9034e-02   2.6194e+00   3.8197e-02   7.8198e-04   2.5633e+00   5.2476e-02
   2.4732e+00   4.0598e+00   1.0074e+02   3.8698e-02   2.5969e+00   3.7731e-02   1.1268e-03   2.5320e+00   7.5613e-02
   2.4732e+00   4.0598e+00   1.0807e+02   3.6900e-02   2.4762e+00   3.6550e-02   1.2666e-03   2.4527e+00   8.4996e-02
   2.4732e+00   4.0598e+00   1.0996e+02   3.6682e-02   2.4616e+00   3.6294e-02   7.0634e-04   2.4356e+00   4.7400e-02
   2.4732e+00   4.0598e+00   1.1997e+02   3.5498e-02   2.3822e+00   3.6814e-02   5.7682e-04   2.4705e+00   3.8708e-02
   2.4732e+00   4.0598e+00   1.2997e+02   3.2561e-02   2.1851e+00   3.2053e-02   4.0125e-04   2.1510e+00   2.6926e-02
   2.4732e+00   4.0598e+00   1.3497e+02   3.0343e-02   2.0362e+00   3.0331e-02   4.0989e-04   2.0354e+00   2.7506e-02
   2.4761e+00   4.0627e+00   3.9260e+01   5.2088e-01   3.4928e+01   5.3630e-01   5.6883e-03   3.5962e+01   3.8143e-01
   2.4761e+00   4.0627e+00   4.3569e+01   4.0707e-01   2.7296e+01   4.1380e-01   4.4296e-03   2.7748e+01   2.9703e-01
   2.4761e+00   4.0627e+00   4.9971e+01   2.9220e-01   1.9594e+01   2.9332e-01   4.7168e-03   1.9669e+01   3.1629e-01
   2.4761e+00   4.0627e+00   5.2133e+01   2.6258e-01   1.7607e+01   2.7836e-01   2.8172e-03   1.8666e+01   1.8891e-01
   2.4761e+00   4.0627e+00   5.9967e+01   1.7966e-01   1.2047e+01   1.8598e-01   3.3135e-03   1.2471e+01   2.2219e-01
   2.4761e+00   4.0627e+00   6.0607e+01   1.7421e-01   1.1682e+01   1.7827e-01   2.0264e-03   1.1954e+01   1.3588e-01
   2.4761e+00   4.0627e+00   6.8970e+01   1.1643e-01   7.8073e+00   1.1895e-01   1.7139e-03   7.9760e+00   1.1492e-01
   2.4761e+00   4.0627e+00   6.9964e+01   1.1100e-01   7.4430e+00   1.1513e-01   1.8289e-03   7.7200e+00   1.2264e-01
   2.4761e+00   4.0627e+00   7.7196e+01   7.8941e-02   5.2934e+00   7.9224e-02   1.3631e-03   5.3124e+00   9.1406e-02
   2.4761e+00   4.0627e+00   8.9962e+01   4.7926e-02   3.2137e+00   4.6873e-02   9.3001e-04   3.1431e+00   6.2362e-02
   2.4761e+00   4.0627e+00   9.3115e+01   4.4039e-02   2.9531e+00   4.4065e-02   1.1546e-03   2.9548e+00   7.7422e-02
   2.4761e+00   4.0627e+00   9.9963e+01   3.9069e-02   2.6198e+00   3.9360e-02   9.2413e-04   2.6393e+00   6.1968e-02
   2.4761e+00   4.0627e+00   1.0074e+02   3.8737e-02   2.5975e+00   3.7788e-02   1.0186e-03   2.5339e+00   6.8304e-02
   2.4761e+00   4.0627e+00   1.0807e+02   3.6981e-02   2.4798e+00   3.5908e-02   1.1771e-03   2.4078e+00   7.8931e-02
   2.4761e+00   4.0627e+00   1.0996e+02   3.6772e-02   2.4658e+00   3.6736e-02   7.4785e-04   2.4633e+00   5.0147e-02
   2.4761e+00   4.0627e+00   1.1997e+02   3.5603e-02   2.3874e+00   3.6519e-02   6.1741e-04   2.4488e+00   4.1401e-02
   2.4761e+00   4.0627e+00   1.2997e+02   3.2633e-02   2.1882e+00   3.1894e-02   6.7551e-04   2.1387e+00   4.5297e-02
   2.4761e+00   4.0627e+00   1.3497e+02   3.0386e-02   2.0375e+00   3.1029e-02   6.5739e-04   2.0806e+00   4.4082e-02


   2.0448e+00   3.6314e+00   3.9260e+01   6.3930e-01   4.9303e+01   6.4771e-01   6.1134e-03   4.9952e+01   4.7147e-01
   2.0448e+00   3.6314e+00   4.3569e+01   4.8372e-01   3.7304e+01   4.9223e-01   4.7322e-03   3.7961e+01   3.6495e-01
   2.0448e+00   3.6314e+00   4.9976e+01   3.3581e-01   2.5898e+01   3.3394e-01   3.9040e-03   2.5754e+01   3.0108e-01
   2.0448e+00   3.6314e+00   5.9973e+01   2.0262e-01   1.5626e+01   2.0168e-01   2.5239e-03   1.5553e+01   1.9464e-01
   2.0448e+00   3.6314e+00   6.0607e+01   1.9653e-01   1.5156e+01   2.0183e-01   2.5111e-03   1.5565e+01   1.9366e-01
   2.0448e+00   3.6314e+00   6.8970e+01   1.3274e-01   1.0237e+01   1.3500e-01   1.6006e-03   1.0411e+01   1.2344e-01
   2.0448e+00   3.6314e+00   6.9971e+01   1.2679e-01   9.7780e+00   1.2134e-01   1.8937e-03   9.3575e+00   1.4605e-01
   2.0448e+00   3.6314e+00   7.7196e+01   9.1687e-02   7.0709e+00   9.1560e-02   1.2455e-03   7.0611e+00   9.6052e-02
   2.0448e+00   3.6314e+00   8.9969e+01   5.4450e-02   4.1992e+00   5.3539e-02   8.0214e-04   4.1289e+00   6.1862e-02
   2.0448e+00   3.6314e+00   9.3115e+01   4.8733e-02   3.7583e+00   4.7532e-02   8.9790e-04   3.6657e+00   6.9247e-02
   2.0448e+00   3.6314e+00   9.9969e+01   3.9634e-02   3.0566e+00   3.9199e-02   6.4080e-04   3.0231e+00   4.9419e-02
   2.0448e+00   3.6314e+00   1.0074e+02   3.8856e-02   2.9966e+00   3.7364e-02   8.5202e-04   2.8815e+00   6.5708e-02
   2.0448e+00   3.6314e+00   1.0807e+02   3.3294e-02   2.5676e+00   3.2580e-02   9.1876e-04   2.5126e+00   7.0856e-02
   2.0448e+00   3.6314e+00   1.0997e+02   3.2311e-02   2.4918e+00   3.2683e-02   7.2245e-04   2.5205e+00   5.5716e-02
   2.0448e+00   3.6314e+00   1.2171e+02   2.8853e-02   2.2252e+00   2.8368e-02   9.3359e-04   2.1878e+00   7.1999e-02
   2.0448e+00   3.6314e+00   1.2998e+02   2.7929e-02   2.1539e+00   2.7184e-02   4.3644e-04   2.0965e+00   3.3658e-02
   2.0448e+00   3.6314e+00   1.3498e+02   2.7617e-02   2.1299e+00   2.7028e-02   3.8898e-04   2.0844e+00   2.9998e-02
   2.0448e+00   3.6314e+00   1.3890e+02   2.7435e-02   2.1158e+00   2.7818e-02   1.3093e-03   2.1454e+00   1.0098e-01
   2.0483e+00   3.6349e+00   3.9260e+01   6.3807e-01   4.9140e+01   6.4089e-01   6.0733e-03   4.9357e+01   4.6773e-01
   2.0483e+00   3.6349e+00   4.3569e+01   4.8291e-01   3.7191e+01   4.7368e-01   4.5397e-03   3.6480e+01   3.4962e-01
   2.0483e+00   3.6349e+00   4.9976e+01   3.3535e-01   2.5826e+01   3.3681e-01   4.0120e-03   2.5939e+01   3.0897e-01
   2.0483e+00   3.6349e+00   5.2133e+01   2.9926e-01   2.3047e+01   3.0623e-01   3.1492e-03   2.3583e+01   2.4253e-01
   2.0483e+00   3.6349e+00   5.9973e+01   2.0239e-01   1.5587e+01   1.9886e-01   2.4475e-03   1.5315e+01   1.8849e-01
   2.0483e+00   3.6349e+00   6.0607e+01   1.9631e-01   1.5118e+01   1.9650e-01   2.6158e-03   1.5133e+01   2.0145e-01
   2.0483e+00   3.6349e+00   6.8970e+01   1.3259e-01   1.0211e+01   1.3387e-01   2.4128e-03   1.0310e+01   1.8582e-01
   2.0483e+00   3.6349e+00   6.9971e+01   1.2664e-01   9.7533e+00   1.2539e-01   1.6468e-03   9.6567e+00   1.2683e-01
   2.0483e+00   3.6349e+00   9.3115e+01   4.8676e-02   3.7487e+00   4.7854e-02   9.2624e-04   3.6854e+00   7.1333e-02
   2.0483e+00   3.6349e+00   9.9969e+01   3.9599e-02   3.0497e+00   3.9187e-02   9.5404e-04   3.0179e+00   7.3474e-02
   2.0483e+00   3.6349e+00   1.0074e+02   3.8824e-02   2.9900e+00   4.0088e-02   9.1150e-04   3.0873e+00   7.0198e-02
   2.0483e+00   3.6349e+00   1.0807e+02   3.3282e-02   2.5632e+00   3.4076e-02   9.7894e-04   2.6243e+00   7.5392e-02
   2.0483e+00   3.6349e+00   1.0997e+02   3.2304e-02   2.4878e+00   3.2676e-02   6.4973e-04   2.5165e+00   5.0038e-02
   2.0483e+00   3.6349e+00   1.1997e+02   2.9165e-02   2.2461e+00   2.9814e-02   6.2764e-04   2.2961e+00   4.8337e-02
   2.0483e+00   3.6349e+00   1.2998e+02   2.7938e-02   2.1516e+00   2.7163e-02   4.7187e-04   2.0919e+00   3.6340e-02
   2.0483e+00   3.6349e+00   1.3498e+02   2.7622e-02   2.1273e+00   2.6705e-02   3.8035e-04   2.0566e+00   2.9292e-02
   2.0518e+00   3.6384e+00   3.9260e+01   6.3685e-01   4.8978e+01   6.2518e-01   5.8962e-03   4.8081e+01   4.5345e-01
   2.0518e+00   3.6384e+00   4.3569e+01   4.8212e-01   3.7078e+01   4.6697e-01   4.5012e-03   3.5913e+01   3.4617e-01
   2.0518e+00   3.6384e+00   4.9976e+01   3.3489e-01   2.5756e+01   3.2995e-01   3.9327e-03   2.5375e+01   3.0245e-01
   2.0518e+00   3.6384e+00   5.2133e+01   2.9887e-01   2.2985e+01   3.0426e-01   3.2205e-03   2.3400e+01   2.4768e-01
   2.0518e+00   3.6384e+00   5.9973e+01   2.0216e-01   1.5548e+01   1.9898e-01   2.4307e-03   1.5303e+01   1.8694e-01
   2.0518e+00   3.6384e+00   6.0607e+01   1.9608e-01   1.5080e+01   1.9555e-01   2.5200e-03   1.5039e+01   1.9381e-01
   2.0518e+00   3.6384e+00   6.8970e+01   1.3244e-01   1.0186e+01   1.2918e-01   2.0119e-03   9.9351e+00   1.5473e-01
   2.0518e+00   3.6384e+00   6.9970e+01   1.2650e-01   9.7288e+00   1.2684e-01   1.6646e-03   9.7552e+00   1.2802e-01
   2.0518e+00   3.6384e+00   7.7196e+01   9.1465e-02   7.0343e+00   8.9018e-02   1.7257e-03   6.8461e+00   1.3272e-01
   2.0518e+00   3.6384e+00   8.9969e+01   5.4316e-02   4.1773e+00   5.2934e-02   1.2723e-03   4.0710e+00   9.7850e-02
   2.0518e+00   3.6384e+00   9.3115e+01   4.8620e-02   3.7392e+00   4.6779e-02   9.1991e-04   3.5976e+00   7.0747e-02
   2.0518e+00   3.6384e+00   9.9969e+01   3.9565e-02   3.0428e+00   3.9134e-02   9.4546e-04   3.0097e+00   7.2712e-02
   2.0518e+00   3.6384e+00   1.0074e+02   3.8792e-02   2.9834e+00   3.7869e-02   8.3994e-04   2.9124e+00   6.4597e-02
   2.0518e+00   3.6384e+00   1.0807e+02   3.3271e-02   2.5587e+00   3.1672e-02   9.2872e-04   2.4358e+00   7.1425e-02
   2.0518e+00   3.6384e+00   1.0997e+02   3.2297e-02   2.4838e+00   3.1911e-02   6.0185e-04   2.4542e+00   4.6286e-02
   2.0518e+00   3.6384e+00   1.1997e+02   2.9174e-02   2.2437e+00   2.9640e-02   6.9533e-04   2.2795e+00   5.3475e-02
   2.0518e+00   3.6384e+00   1.2998e+02   2.7948e-02   2.1494e+00   2.6950e-02   4.3905e-04   2.0727e+00   3.3766e-02
   2.0518e+00   3.6384e+00   1.3498e+02   2.7627e-02   2.1247e+00   2.6726e-02   4.3204e-04   2.0554e+00   3.3227e-02


   1.4877e+00   3.0743e+00   3.9260e+01   9.4985e-01   9.9647e+01   8.9106e-01   8.7514e-03   9.3479e+01   9.1809e-01
   1.4877e+00   3.0743e+00   4.3569e+01   6.8712e-01   7.2084e+01   7.0857e-01   7.2277e-03   7.4334e+01   7.5824e-01
   1.4877e+00   3.0743e+00   4.9982e+01   4.5224e-01   4.7443e+01   4.4464e-01   5.1352e-03   4.6646e+01   5.3872e-01
   1.4877e+00   3.0743e+00   5.9980e+01   2.5973e-01   2.7247e+01   2.5931e-01   3.0265e-03   2.7203e+01   3.1750e-01
   1.4877e+00   3.0743e+00   6.0607e+01   2.5154e-01   2.6389e+01   2.5381e-01   2.6360e-03   2.6627e+01   2.7653e-01
   1.4877e+00   3.0743e+00   6.8970e+01   1.6786e-01   1.7610e+01   1.7073e-01   1.9569e-03   1.7911e+01   2.0530e-01
   1.4877e+00   3.0743e+00   6.9978e+01   1.6026e-01   1.6813e+01   1.6066e-01   1.9582e-03   1.6854e+01   2.0543e-01
   1.4877e+00   3.0743e+00   7.7196e+01   1.1660e-01   1.2232e+01   1.1655e-01   1.5373e-03   1.2227e+01   1.6127e-01
   1.4877e+00   3.0743e+00   8.9977e+01   7.0390e-02   7.3845e+00   7.1453e-02   9.5167e-04   7.4960e+00   9.9838e-02
   1.4877e+00   3.0743e+00   9.3115e+01   6.3021e-02   6.6114e+00   6.2656e-02   1.0002e-03   6.5730e+00   1.0493e-01
   1.4877e+00   3.0743e+00   9.9977e+01   5.0628e-02   5.3113e+00   5.1190e-02   7.5347e-04   5.3702e+00   7.9045e-02
   1.4877e+00   3.0743e+00   1.0074e+02   4.9524e-02   5.1954e+00   4.8005e-02   8.9894e-04   5.0361e+00   9.4305e-02
   1.4877e+00   3.0743e+00   1.0807e+02   4.0993e-02   4.3004e+00   4.2189e-02   9.2317e-04   4.4260e+00   9.6847e-02
   1.4877e+00   3.0743e+00   1.0998e+02   3.9325e-02   4.1255e+00   3.9665e-02   5.5465e-04   4.1612e+00   5.8187e-02
   1.4877e+00   3.0743e+00   1.2171e+02   3.2667e-02   3.4270e+00   3.2092e-02   1.0261e-03   3.3667e+00   1.0765e-01
   1.4877e+00   3.0743e+00   1.2998e+02   3.0577e-02   3.2077e+00   3.0701e-02   1.1490e-03   3.2208e+00   1.2054e-01
   1.4877e+00   3.0743e+00   1.3498e+02   2.9968e-02   3.1438e+00   2.9280e-02   1.2553e-03   3.0717e+00   1.3169e-01
   1.4877e+00   3.0743e+00   1.3890e+02   2.9729e-02   3.1188e+00   2.9261e-02   1.2253e-03   3.0697e+00   1.2855e-01
   1.4920e+00   3.0786e+00   3.9260e+01   9.4608e-01   9.8928e+01   9.3784e-01   8.9999e-03   9.8067e+01   9.4109e-01
   1.4920e+00   3.0786e+00   4.3569e+01   6.8464e-01   7.1591e+01   6.7768e-01   6.7369e-03   7.0863e+01   7.0446e-01
   1.4920e+00   3.0786e+00   4.9982e+01   4.5082e-01   4.7141e+01   4.5559e-01   5.0222e-03   4.7639e+01   5.2516e-01
   1.4920e+00   3.0786e+00   5.2133e+01   3.9688e-01   4.1501e+01   3.9424e-01   3.8773e-03   4.1224e+01   4.0543e-01
   1.4920e+00   3.0786e+00   5.9980e+01   2.5904e-01   2.7086e+01   2.5892e-01   2.9873e-03   2.7075e+01   3.1237e-01
   1.4920e+00   3.0786e+00   6.0607e+01   2.5088e-01   2.6234e+01   2.4762e-01   2.5755e-03   2.5892e+01   2.6931e-01
   1.4920e+00   3.0786e+00   6.8970e+01   1.6744e-01   1.7509e+01   1.6923e-01   2.0671e-03   1.7696e+01   2.1615e-01
   1.4920e+00   3.0786e+00   6.9978e+01   1.5987e-01   1.6717e+01   1.5646e-01   1.9196e-03   1.6360e+01   2.0072e-01
   1.4920e+00   3.0786e+00   9.3115e+01   6.2851e-02   6.5722e+00   6.1736e-02   9.9576e-04   6.4555e+00   1.0412e-01
   1.4920e+00   3.0786e+00   9.9977e+01   5.0489e-02   5.2794e+00   5.2379e-02   7.7768e-04   5.4770e+00   8.1320e-02
   1.4920e+00   3.0786e+00   1.0074e+02   4.9387e-02   5.1643e+00   5.0196e-02   1.2245e-03   5.2488e+00   1.2804e-01
   1.4920e+00   3.0786e+00   1.0807e+02   4.0882e-02   4.2749e+00   4.2045e-02   8.8869e-04   4.3965e+00   9.2927e-02
   1.4920e+00   3.0786e+00   1.0998e+02   3.9220e-02   4.1012e+00   4.0089e-02   7.1060e-04   4.1920e+00   7.4305e-02
   1.4920e+00   3.0786e+00   1.1998e+02   3.3250e-02   3.4768e+00   3.4446e-02   6.5248e-04   3.6019e+00   6.8228e-02
   1.4920e+00   3.0786e+00   1.2998e+02   3.0520e-02   3.1914e+00   3.0918e-02   9.3402e-04   3.2330e+00   9.7667e-02
   1.4920e+00   3.0786e+00   1.3498e+02   2.9919e-02   3.1285e+00   3.0527e-02   1.2026e-03   3.1921e+00   1.2575e-01
   1.4963e+00   3.0829e+00   3.9260e+01   9.4234e-01   9.8219e+01   9.3869e-01   9.5638e-03   9.7839e+01   9.9683e-01
   1.4963e+00   3.0829e+00   4.3569e+01   6.8219e-01   7.1104e+01   6.5553e-01   6.3300e-03   6.8325e+01   6.5977e-01
   1.4963e+00   3.0829e+00   4.9982e+01   4.4941e-01   4.6842e+01   4.4141e-01   5.5184e-03   4.6008e+01   5.7518e-01
   1.4963e+00   3.0829e+00   5.2133e+01   3.9569e-01   4.1243e+01   4.0111e-01   3.9333e-03   4.1808e+01   4.0996e-01
   1.4963e+00   3.0829e+00   5.9980e+01   2.5835e-01   2.6928e+01   2.6586e-01   3.0561e-03   2.7711e+01   3.1854e-01
   1.4963e+00   3.0829e+00   6.0607e+01   2.5022e-01   2.6080e+01   2.4594e-01   2.5924e-03   2.5634e+01   2.7021e-01
   1.4963e+00   3.0829e+00   6.8970e+01   1.6703e-01   1.7410e+01   1.6267e-01   1.9951e-03   1.6954e+01   2.0795e-01
   1.4963e+00   3.0829e+00   6.9978e+01   1.5947e-01   1.6622e+01   1.6296e-01   1.9959e-03   1.6985e+01   2.0803e-01
   1.4963e+00   3.0829e+00   7.7196e+01   1.1603e-01   1.2094e+01   1.1433e-01   1.4497e-03   1.1916e+01   1.5110e-01
   1.4963e+00   3.0829e+00   8.9977e+01   7.0021e-02   7.2982e+00   6.8298e-02   1.0999e-03   7.1187e+00   1.1464e-01
   1.4963e+00   3.0829e+00   9.3115e+01   6.2684e-02   6.5335e+00   6.2569e-02   1.1441e-03   6.5215e+00   1.1924e-01
   1.4963e+00   3.0829e+00   9.9977e+01   5.0351e-02   5.2480e+00   5.1517e-02   7.3485e-04   5.3696e+00   7.6593e-02
   1.4963e+00   3.0829e+00   1.0074e+02   4.9252e-02   5.1335e+00   4.8457e-02   9.0623e-04   5.0506e+00   9.4456e-02
   1.4963e+00   3.0829e+00   1.0807e+02   4.0772e-02   4.2496e+00   4.0382e-02   8.9477e-04   4.2090e+00   9.3261e-02
   1.4963e+00   3.0829e+00   1.0998e+02   3.9117e-02   4.0771e+00   3.8470e-02   6.1086e-04   4.0097e+00   6.3670e-02
   1.4963e+00   3.0829e+00   1.1998e+02   3.3173e-02   3.4576e+00   3.3712e-02   7.3644e-04   3.5137e+00   7.6758e-02
   1.4963e+00   3.0829e+00   1.2998e+02   3.0464e-02   3.1752e+00   2.9207e-02   1.2090e-03   3.0442e+00   1.2602e-01
   1.4963e+00   3.0829e+00   1.3498e+02   2.9871e-02   3.1134e+00   3.1207e-02   1.3417e-03   3.2527e+00   1.3984e-01


   1.2092e+00   2.7958e+00   3.9260e+01   1.2888e+00   1.7491e+02   1.2922e+00   1.4532e-02   1.7538e+02   1.9722e+00
   1.2092e+00   2.7958e+00   4.3569e+01   9.0979e-01   1.2347e+02   9.3260e-01   1.0595e-02   1.2657e+02   1.4379e+00
   1.2092e+00   2.7958e+00   4.9986e+01   5.8037e-01   7.8765e+01   5.9007e-01   7.2996e-03   8.0082e+01   9.9067e-01
   1.2092e+00   2.7958e+00   5.9984e+01   3.2232e-01   4.3744e+01   3.3377e-01   3.9109e-03   4.5297e+01   5.3078e-01
   1.2092e+00   2.7958e+00   6.0607e+01   3.1176e-01   4.2311e+01   3.1923e-01   3.2277e-03   4.3324e+01   4.3806e-01
   1.2092e+00   2.7958e+00   6.8970e+01   2.0530e-01   2.7863e+01   2.1225e-01   2.2546e-03   2.8806e+01   3.0599e-01
   1.2092e+00   2.7958e+00   6.9983e+01   1.9581e-01   2.6575e+01   2.0416e-01   2.2662e-03   2.7708e+01   3.0755e-01
   1.2092e+00   2.7958e+00   7.7196e+01   1.4228e-01   1.9310e+01   1.4434e-01   1.6137e-03   1.9590e+01   2.1901e-01
   1.2092e+00   2.7958e+00   8.9981e+01   8.6773e-02   1.1776e+01   8.6769e-02   1.0490e-03   1.1776e+01   1.4237e-01
   1.2092e+00   2.7958e+00   9.3115e+01   7.7967e-02   1.0581e+01   7.9726e-02   1.0707e-03   1.0820e+01   1.4531e-01
   1.2092e+00   2.7958e+00   9.9982e+01   6.3000e-02   8.5501e+00   6.5711e-02   1.0527e-03   8.9181e+00   1.4286e-01
   1.2092e+00   2.7958e+00   1.0074e+02   6.1659e-02   8.3681e+00   6.3513e-02   9.6360e-04   8.6197e+00   1.3078e-01
   1.2092e+00   2.7958e+00   1.0807e+02   5.1037e-02   6.9265e+00   5.2621e-02   9.3523e-04   7.1416e+00   1.2693e-01
   1.2092e+00   2.7958e+00   1.0998e+02   4.8889e-02   6.6351e+00   5.0535e-02   9.3089e-04   6.8584e+00   1.2634e-01
   1.2092e+00   2.7958e+00   1.2171e+02   3.9756e-02   5.3955e+00   4.1432e-02   9.6901e-04   5.6230e+00   1.3151e-01
   1.2092e+00   2.7958e+00   1.2999e+02   3.6286e-02   4.9246e+00   3.8487e-02   7.4487e-04   5.2233e+00   1.0109e-01
   1.2092e+00   2.7958e+00   1.3499e+02   3.4974e-02   4.7465e+00   3.6473e-02   1.1464e-03   4.9500e+00   1.5558e-01
   1.2092e+00   2.7958e+00   1.3890e+02   3.4249e-02   4.6482e+00   3.5331e-02   1.3173e-03   4.7950e+00   1.7878e-01
   1.2139e+00   2.8005e+00   3.9260e+01   1.2809e+00   1.7291e+02   1.2544e+00   1.4593e-02   1.6933e+02   1.9699e+00
   1.2139e+00   2.8005e+00   4.3569e+01   9.0458e-01   1.2211e+02   8.9098e-01   9.8271e-03   1.2027e+02   1.3266e+00
   1.2139e+00   2.8005e+00   4.9986e+01   5.7736e-01   7.7937e+01   6.0279e-01   8.1699e-03   8.1371e+01   1.1029e+00
   1.2139e+00   2.8005e+00   5.2133e+01   5.0396e-01   6.8029e+01   5.0453e-01   5.4958e-03   6.8106e+01   7.4188e-01
   1.2139e+00   2.8005e+00   5.9984e+01   3.2084e-01   4.3311e+01   3.2861e-01   3.5646e-03   4.4359e+01   4.8119e-01
   1.2139e+00   2.8005e+00   6.0607e+01   3.1034e-01   4.1893e+01   3.1450e-01   3.4628e-03   4.2454e+01   4.6744e-01
   1.2139e+00   2.8005e+00   6.8970e+01   2.0442e-01   2.7594e+01   2.0717e-01   2.3042e-03   2.7966e+01   3.1105e-01
   1.2139e+00   2.8005e+00   6.9982e+01   1.9498e-01   2.6320e+01   1.9755e-01   2.1863e-03   2.6667e+01   2.9512e-01
   1.2139e+00   2.8005e+00   9.3115e+01   7.7622e-02   1.0478e+01   7.9329e-02   1.0839e-03   1.0709e+01   1.4632e-01
   1.2139e+00   2.8005e+00   9.9982e+01   6.2714e-02   8.4658e+00   6.4944e-02   1.0792e-03   8.7668e+00   1.4568e-01
   1.2139e+00   2.8005e+00   1.0074e+02   6.1378e-02   8.2854e+00   6.4115e-02   9.1111e-04   8.6549e+00   1.2299e-01
   1.2139e+00   2.8005e+00   1.0807e+02   5.0802e-02   6.8578e+00   5.1630e-02   9.4018e-04   6.9695e+00   1.2692e-01
   1.2139e+00   2.8005e+00   1.0998e+02   4.8666e-02   6.5694e+00   5.0227e-02   1.1019e-03   6.7802e+00   1.4875e-01
   1.2139e+00   2.8005e+00   1.1998e+02   4.0560e-02   5.4752e+00   4.2043e-02   7.3581e-04   5.6754e+00   9.9328e-02
   1.2139e+00   2.8005e+00   1.2999e+02   3.6145e-02   4.8793e+00   3.7010e-02   1.0357e-03   4.9959e+00   1.3982e-01
   1.2139e+00   2.8005e+00   1.3499e+02   3.4848e-02   4.7042e+00   3.7080e-02   9.7767e-04   5.0054e+00   1.3198e-01
   1.2187e+00   2.8053e+00   3.9260e+01   1.2730e+00   1.7093e+02   1.2184e+00   1.4886e-02   1.6359e+02   1.9988e+00
   1.2187e+00   2.8053e+00   4.3569e+01   8.9942e-01   1.2077e+02   8.7988e-01   9.7372e-03   1.1814e+02   1.3074e+00
   1.2187e+00   2.8053e+00   4.9986e+01   5.7438e-01   7.7123e+01   5.6965e-01   6.2934e-03   7.6488e+01   8.4503e-01
   1.2187e+00   2.8053e+00   5.2133e+01   5.0144e-01   6.7329e+01   5.0570e-01   6.0040e-03   6.7901e+01   8.0617e-01
   1.2187e+00   2.8053e+00   5.9984e+01   3.1938e-01   4.2884e+01   3.3223e-01   3.6421e-03   4.4609e+01   4.8904e-01
   1.2187e+00   2.8053e+00   6.0607e+01   3.0894e-01   4.1482e+01   3.0718e-01   3.5658e-03   4.1246e+01   4.7878e-01
   1.2187e+00   2.8053e+00   6.8970e+01   2.0355e-01   2.7331e+01   2.0352e-01   2.3088e-03   2.7328e+01   3.1000e-01
   1.2187e+00   2.8053e+00   6.9982e+01   1.9415e-01   2.6069e+01   2.0031e-01   2.2693e-03   2.6896e+01   3.0471e-01
   1.2187e+00   2.8053e+00   7.7196e+01   1.4109e-01   1.8944e+01   1.4403e-01   1.9477e-03   1.9340e+01   2.6152e-01
   1.2187e+00   2.8053e+00   8.9981e+01   8.6018e-02   1.1550e+01   8.7210e-02   1.6250e-03   1.1710e+01   2.1819e-01
   1.2187e+00   2.8053e+00   9.3115e+01   7.7280e-02   1.0377e+01   7.9639e-02   1.0472e-03   1.0693e+01   1.4061e-01
   1.2187e+00   2.8053e+00   9.9982e+01   6.2431e-02   8.3828e+00   6.5068e-02   9.7115e-04   8.7368e+00   1.3040e-01
   1.2187e+00   2.8053e+00   1.0074e+02   6.1100e-02   8.2041e+00   6.1530e-02   9.2328e-04   8.2617e+00   1.2397e-01
   1.2187e+00   2.8053e+00   1.0807e+02   5.0571e-02   6.7903e+00   5.0583e-02   8.8558e-04   6.7919e+00   1.1891e-01
   1.2187e+00   2.8053e+00   1.0998e+02   4.8445e-02   6.5048e+00   4.8465e-02   8.6177e-04   6.5076e+00   1.1571e-01
   1.2187e+00   2.8053e+00   1.1998e+02   4.0385e-02   5.4226e+00   4.2299e-02   9.0567e-04   5.6796e+00   1.2161e-01
   1.2187e+00   2.8053e+00   1.2999e+02   3.6006e-02   4.8347e+00   3.6147e-02   1.0606e-03   4.8536e+00   1.4241e-01
   1.2187e+00   2.8053e+00   1.3499e+02   3.4724e-02   4.6625e+00   3.6592e-02   8.9700e-04   4.9133e+00   1.2044e-01


   9.9248e-01   2.5791e+00   3.9260e+01   1.7834e+00   3.2425e+02   1.6730e+00   2.3254e-02   3.0417e+02   4.2279e+00
   9.9248e-01   2.5791e+00   4.3569e+01   1.2360e+00   2.2472e+02   1.2824e+00   1.9570e-02   2.3316e+02   3.5582e+00
   9.9248e-01   2.5791e+00   6.0607e+01   4.0143e-01   7.2986e+01   4.2005e-01   6.0592e-03   7.6371e+01   1.1016e+00
   9.9248e-01   2.5791e+00   6.8970e+01   2.6102e-01   4.7457e+01   2.6678e-01   3.4404e-03   4.8504e+01   6.2551e-01
   9.9248e-01   2.5791e+00   6.9986e+01   2.4869e-01   4.5215e+01   2.4884e-01   3.6098e-03   4.5242e+01   6.5632e-01
   9.9248e-01   2.5791e+00   7.7196e+01   1.8012e-01   3.2749e+01   1.8703e-01   2.8853e-03   3.4004e+01   5.2459e-01
   9.9248e-01   2.5791e+00   8.9985e+01   1.1037e-01   2.0066e+01   1.1111e-01   1.7101e-03   2.0201e+01   3.1092e-01
   9.9248e-01   2.5791e+00   9.3115e+01   9.9397e-02   1.8072e+01   1.0249e-01   2.0315e-03   1.8633e+01   3.6935e-01
   9.9248e-01   2.5791e+00   9.9985e+01   8.0666e-02   1.4666e+01   8.5267e-02   1.7676e-03   1.5503e+01   3.2138e-01
   9.9248e-01   2.5791e+00   1.0074e+02   7.8986e-02   1.4361e+01   8.1074e-02   2.0781e-03   1.4740e+01   3.7783e-01
   9.9248e-01   2.5791e+00   1.0807e+02   6.5479e-02   1.1905e+01   6.7338e-02   1.7608e-03   1.2243e+01   3.2014e-01
   9.9248e-01   2.5791e+00   1.0999e+02   6.2694e-02   1.1399e+01   6.5211e-02   1.4825e-03   1.1856e+01   2.6955e-01
   9.9248e-01   2.5791e+00   1.2171e+02   5.0405e-02   9.1643e+00   5.0801e-02   1.9069e-03   9.2364e+00   3.4669e-01
   9.9248e-01   2.5791e+00   1.2999e+02   4.5241e-02   8.2254e+00   4.6954e-02   1.5977e-03   8.5370e+00   2.9048e-01
   9.9248e-01   2.5791e+00   1.3499e+02   4.3066e-02   7.8299e+00   4.6851e-02   1.7775e-03   8.5181e+00   3.2318e-01
   9.9248e-01   2.5791e+00   1.3890e+02   4.1741e-02   7.5890e+00   4.2141e-02   1.9009e-03   7.6619e+00   3.4561e-01
   9.9786e-01   2.5845e+00   3.9260e+01   1.7669e+00   3.1848e+02   1.6852e+00   2.5678e-02   3.0376e+02   4.6283e+00
   9.9786e-01   2.5845e+00   4.3569e+01   1.2251e+00   2.2082e+02   1.1875e+00   1.5768e-02   2.1405e+02   2.8420e+00
   9.9786e-01   2.5845e+00   5.2133e+01   6.6144e-01   1.1922e+02   6.5589e-01   7.4919e-03   1.1822e+02   1.3504e+00
   9.9786e-01   2.5845e+00   6.0607e+01   3.9841e-01   7.1812e+01   4.0373e-01   5.4860e-03   7.2771e+01   9.8882e-01
   9.9786e-01   2.5845e+00   6.8970e+01   2.5914e-01   4.6709e+01   2.5409e-01   3.4732e-03   4.5798e+01   6.2602e-01
   9.9786e-01   2.5845e+00   6.9986e+01   2.4691e-01   4.4504e+01   2.4907e-01   3.3457e-03   4.4894e+01   6.0304e-01
   9.9786e-01   2.5845e+00   9.3115e+01   9.8684e-02   1.7787e+01   9.8709e-02   1.9289e-03   1.7792e+01   3.4767e-01
   9.9786e-01   2.5845e+00   9.9985e+01   8.0080e-02   1.4434e+01   8.2478e-02   1.6011e-03   1.4866e+01   2.8859e-01
   9.9786e-01   2.5845e+00   1.0074e+02   7.8412e-02   1.4133e+01   8.1400e-02   2.1014e-03   1.4672e+01   3.7877e-01
   9.9786e-01   2.5845e+00   1.0807e+02   6.5001e-02   1.1716e+01   6.5541e-02   1.9825e-03   1.1813e+01   3.5733e-01
   9.9786e-01   2.5845e+00   1.0999e+02   6.2238e-02   1.1218e+01   6.4079e-02   1.5356e-03   1.1550e+01   2.7679e-01
   9.9786e-01   2.5845e+00   1.1999e+02   5.1418e-02   9.2678e+00   5.4218e-02   8.9876e-04   9.7726e+00   1.6200e-01
   9.9786e-01   2.5845e+00   1.2999e+02   4.4940e-02   8.1002e+00   4.6619e-02   1.5847e-03   8.4029e+00   2.8564e-01
   9.9786e-01   2.5845e+00   1.3499e+02   4.2792e-02   7.7130e+00   4.7413e-02   1.6772e-03   8.5461e+00   3.0231e-01
   1.0032e+00   2.5898e+00   3.9260e+01   1.7507e+00   3.1285e+02   1.7236e+00   2.3850e-02   3.0801e+02   4.2622e+00
   1.0032e+00   2.5898e+00   4.3569e+01   1.2144e+00   2.1701e+02   1.1753e+00   1.4650e-02   2.1003e+02   2.6180e+00
   1.0032e+00   2.5898e+00   5.2133e+01   6.5615e-01   1.1726e+02   6.6615e-01   8.8943e-03   1.1905e+02   1.5895e+00
   1.0032e+00   2.5898e+00   6.0607e+01   3.9544e-01   7.0668e+01   3.9792e-01   5.4655e-03   7.1110e+01   9.7672e-01
   1.0032e+00   2.5898e+00   6.8970e+01   2.5729e-01   4.5980e+01   2.5577e-01   3.5648e-03   4.5707e+01   6.3705e-01
   1.0032e+00   2.5898e+00   6.9986e+01   2.4515e-01   4.3810e+01   2.4909e-01   3.3894e-03   4.4513e+01   6.0570e-01
   1.0032e+00   2.5898e+00   7.7196e+01   1.7760e-01   3.1738e+01   1.8628e-01   2.9278e-03   3.3290e+01   5.2322e-01
   1.0032e+00   2.5898e+00   8.9985e+01   1.0881e-01   1.9444e+01   1.0982e-01   2.8447e-03   1.9626e+01   5.0836e-01
   1.0032e+00   2.5898e+00   9.3115e+01   9.7982e-02   1.7510e+01   9.8464e-02   2.0176e-03   1.7596e+01   3.6055e-01
   1.0032e+00   2.5898e+00   9.9985e+01   7.9505e-02   1.4208e+01   8.2256e-02   1.8161e-03   1.4700e+01   3.2455e-01
   1.0032e+00   2.5898e+00   1.0074e+02   7.7847e-02   1.3912e+01   7.8254e-02   1.9742e-03   1.3984e+01   3.5280e-01
   1.0032e+00   2.5898e+00   1.0807e+02   6.4531e-02   1.1532e+01   6.5464e-02   1.8864e-03   1.1699e+01   3.3711e-01
   1.0032e+00   2.5898e+00   1.0999e+02   6.1789e-02   1.1042e+01   6.4051e-02   1.5561e-03   1.1446e+01   2.7809e-01
   1.0032e+00   2.5898e+00   1.1999e+02   5.1057e-02   9.1241e+00   5.4328e-02   1.2596e-03   9.7087e+00   2.2509e-01
   1.0032e+00   2.5898e+00   1.2999e+02   4.4644e-02   7.9782e+00   4.6166e-02   1.3702e-03   8.2502e+00   2.4486e-01
   1.0032e+00   2.5898e+00   1.3499e+02   4.2522e-02   7.5990e+00   4.7483e-02   1.5930e-03   8.4855e+00   2.8468e-01


   7.2372e-01   2.3103e+00   3.9260e+01   3.1664e+00   1.0235e+03   3.2159e+00   5.9666e-02   1.0396e+03   1.9287e+01
   7.2372e-01   2.3103e+00   4.3569e+01   2.1532e+00   6.9603e+02   2.3007e+00   4.9044e-02   7.4371e+02   1.5854e+01
   7.2372e-01   2.3103e+00   6.0607e+01   6.5907e-01   2.1305e+02   7.2215e-01   1.3514e-02   2.3344e+02   4.3684e+00
   7.2372e-01   2.3103e+00   6.8970e+01   4.2176e-01   1.3634e+02   4.6220e-01   8.3196e-03   1.4941e+02   2.6893e+00
   7.2372e-01   2.3103e+00   6.9990e+01   4.0122e-01   1.2970e+02   4.1306e-01   4.9716e-03   1.3352e+02   1.6071e+00
   7.2372e-01   2.3103e+00   7.7196e+01   2.8885e-01   9.3373e+01   3.0723e-01   5.3073e-03   9.9314e+01   1.7156e+00
   7.2372e-01   2.3103e+00   8.9989e+01   1.7683e-01   5.7160e+01   1.9133e-01   2.6325e-03   6.1849e+01   8.5097e-01
   7.2372e-01   2.3103e+00   9.3115e+01   1.5940e-01   5.1525e+01   1.6642e-01   2.9352e-03   5.3796e+01   9.4881e-01
   7.2372e-01   2.3103e+00   9.9989e+01   1.2952e-01   4.1868e+01   1.3970e-01   1.9512e-03   4.5159e+01   6.3072e-01
   7.2372e-01   2.3103e+00   1.0074e+02   1.2684e-01   4.1002e+01   1.3903e-01   2.2065e-03   4.4941e+01   7.1327e-01
   7.2372e-01   2.3103e+00   1.0807e+02   1.0502e-01   3.3949e+01   1.1309e-01   1.9795e-03   3.6557e+01   6.3989e-01
   7.2372e-01   2.3103e+00   1.0999e+02   1.0045e-01   3.2470e+01   1.0926e-01   1.6905e-03   3.5319e+01   5.4646e-01
   7.2372e-01   2.3103e+00   1.2171e+02   7.9671e-02   2.5754e+01   8.6791e-02   1.7935e-03   2.8056e+01   5.7976e-01
   7.2372e-01   2.3103e+00   1.2999e+02   7.0278e-02   2.2718e+01   7.6893e-02   1.9611e-03   2.4856e+01   6.3394e-01
   7.2372e-01   2.3103e+00   1.3499e+02   6.6051e-02   2.1351e+01   7.5203e-02   1.4044e-03   2.4310e+01   4.5399e-01
   7.3017e-01   2.3168e+00   3.9260e+01   3.1136e+00   9.8838e+02   3.1336e+00   6.7062e-02   9.9473e+02   2.1289e+01
   7.3017e-01   2.3168e+00   4.3569e+01   2.1181e+00   6.7238e+02   2.1426e+00   4.0286e-02   6.8015e+02   1.2789e+01
   7.3017e-01   2.3168e+00   5.2133e+01   1.1054e+00   3.5090e+02   1.1408e+00   1.9295e-02   3.6214e+02   6.1250e+00
   7.3017e-01   2.3168e+00   6.0607e+01   6.4911e-01   2.0606e+02   6.6507e-01   1.1019e-02   2.1112e+02   3.4978e+00
   7.3017e-01   2.3168e+00   6.8970e+01   4.1554e-01   1.3191e+02   4.3352e-01   7.1091e-03   1.3762e+02   2.2567e+00
   7.3017e-01   2.3168e+00   6.9989e+01   3.9531e-01   1.2549e+02   4.2498e-01   4.9732e-03   1.3491e+02   1.5787e+00
   7.3017e-01   2.3168e+00   9.3115e+01   1.5709e-01   4.9868e+01   1.6480e-01   2.8510e-03   5.2314e+01   9.0504e-01
   7.3017e-01   2.3168e+00   9.9989e+01   1.2765e-01   4.0522e+01   1.3687e-01   2.4740e-03   4.3448e+01   7.8535e-01
   7.3017e-01   2.3168e+00   1.0074e+02   1.2501e-01   3.9685e+01   1.3530e-01   2.1129e-03   4.2950e+01   6.7074e-01
   7.3017e-01   2.3168e+00   1.0807e+02   1.0352e-01   3.2861e+01   1.1003e-01   1.9059e-03   3.4928e+01   6.0500e-01
   7.3017e-01   2.3168e+00   1.0999e+02   9.9013e-02   3.1431e+01   1.0592e-01   1.4344e-03   3.3622e+01   4.5535e-01
   7.3017e-01   2.3168e+00   1.1999e+02   8.0931e-02   2.5691e+01   9.0755e-02   1.4348e-03   2.8810e+01   4.5547e-01
   7.3017e-01   2.3168e+00   1.2999e+02   6.9327e-02   2.2008e+01   7.4722e-02   2.6436e-03   2.3720e+01   8.3920e-01
   7.3017e-01   2.3168e+00   1.3499e+02   6.5175e-02   2.0690e+01   7.4789e-02   1.5451e-03   2.3741e+01   4.9048e-01
   7.3662e-01   2.3232e+00   3.9260e+01   3.0622e+00   9.5489e+02   3.1749e+00   6.8542e-02   9.9002e+02   2.1374e+01
   7.3662e-01   2.3232e+00   4.3569e+01   2.0840e+00   6.4984e+02   2.1222e+00   4.3525e-02   6.6176e+02   1.3572e+01
   7.3662e-01   2.3232e+00   5.2133e+01   1.0883e+00   3.3938e+02   1.1887e+00   1.8430e-02   3.7067e+02   5.7471e+00
   7.3662e-01   2.3232e+00   6.0607e+01   6.3944e-01   1.9940e+02   6.7809e-01   1.1017e-02   2.1145e+02   3.4354e+00
   7.3662e-01   2.3232e+00   6.8970e+01   4.0949e-01   1.2769e+02   4.3548e-01   7.2323e-03   1.3580e+02   2.2552e+00
   7.3662e-01   2.3232e+00   6.9989e+01   3.8957e-01   1.2148e+02   4.3687e-01   8.4512e-03   1.3623e+02   2.6353e+00
   7.3662e-01   2.3232e+00   7.7196e+01   2.8055e-01   8.7485e+01   3.0031e-01   5.3065e-03   9.3646e+01   1.6547e+00
   7.3662e-01   2.3232e+00   8.9989e+01   1.7178e-01   5.3567e+01   1.8102e-01   3.1558e-03   5.6449e+01   9.8406e-01
   7.3662e-01   2.3232e+00   9.3115e+01   1.5485e-01   4.8288e+01   1.7129e-01   1.9023e-03   5.3413e+01   5.9320e-01
   7.3662e-01   2.3232e+00   9.9989e+01   1.2584e-01   3.9240e+01   1.3813e-01   2.0799e-03   4.3072e+01   6.4859e-01
   7.3662e-01   2.3232e+00   1.0074e+02   1.2324e-01   3.8429e+01   1.3149e-01   1.9903e-03   4.1004e+01   6.2062e-01
   7.3662e-01   2.3232e+00   1.0807e+02   1.0206e-01   3.1824e+01   1.0698e-01   2.2893e-03   3.3360e+01   7.1387e-01
   7.3662e-01   2.3232e+00   1.0999e+02   9.7619e-02   3.0441e+01   1.0645e-01   1.5779e-03   3.3195e+01   4.9205e-01
   7.3662e-01   2.3232e+00   1.1999e+02   7.9815e-02   2.4889e+01   8.8483e-02   1.5996e-03   2.7592e+01   4.9882e-01
   7.3662e-01   2.3232e+00   1.2999e+02   6.8403e-02   2.1330e+01   7.6871e-02   2.6436e-03   2.3971e+01   8.2434e-01
   7.3662e-01   2.3232e+00   1.3499e+02   6.4324e-02   2.0058e+01   7.5031e-02   2.3620e-03   2.3397e+01   7.3653e-01


   4.7935e-01   2.0659e+00   6.0607e+01   1.4098e+00   1.2189e+03   1.3297e+00   2.1214e-02   1.1496e+03   1.8340e+01
   4.7935e-01   2.0659e+00   6.8970e+01   8.9268e-01   7.7176e+02   8.3081e-01   1.8384e-02   7.1827e+02   1.5893e+01
   4.7935e-01   2.0659e+00   7.7196e+01   6.0740e-01   5.2512e+02   5.6431e-01   1.2143e-02   4.8786e+02   1.0498e+01
   4.7935e-01   2.0659e+00   8.9993e+01   3.6964e-01   3.1956e+02   3.3044e-01   5.6440e-03   2.8568e+02   4.8795e+00
   4.7935e-01   2.0659e+00   9.3115e+01   3.3282e-01   2.8774e+02   3.0013e-01   6.4276e-03   2.5948e+02   5.5569e+00
   4.7935e-01   2.0659e+00   9.9993e+01   2.6950e-01   2.3300e+02   2.5526e-01   4.6450e-03   2.2068e+02   4.0158e+00
   4.7935e-01   2.0659e+00   1.0074e+02   2.6385e-01   2.2810e+02   2.5430e-01   6.1554e-03   2.1985e+02   5.3216e+00
   4.7935e-01   2.0659e+00   1.0807e+02   2.1725e-01   1.8783e+02   1.9967e-01   5.9405e-03   1.7262e+02   5.1358e+00
   4.7935e-01   2.0659e+00   1.0999e+02   2.0739e-01   1.7930e+02   1.8898e-01   6.4014e-03   1.6338e+02   5.5343e+00
   4.8711e-01   2.0737e+00   5.2133e+01   2.3640e+00   1.9559e+03   2.1673e+00   4.4260e-02   1.7932e+03   3.6621e+01
   4.8711e-01   2.0737e+00   6.0607e+01   1.3667e+00   1.1308e+03   1.2481e+00   2.4064e-02   1.0327e+03   1.9911e+01
   4.8711e-01   2.0737e+00   6.8970e+01   8.6559e-01   7.1618e+02   8.1972e-01   1.4358e-02   6.7822e+02   1.1880e+01
   4.8711e-01   2.0737e+00   9.3115e+01   3.2286e-01   2.6713e+02   2.9501e-01   6.6311e-03   2.4409e+02   5.4865e+00
   4.8711e-01   2.0737e+00   9.9993e+01   2.6147e-01   2.1634e+02   2.5280e-01   5.1921e-03   2.0917e+02   4.2959e+00
   4.8711e-01   2.0737e+00   1.0074e+02   2.5598e-01   2.1180e+02   2.3104e-01   6.4420e-03   1.9116e+02   5.3300e+00
   4.8711e-01   2.0737e+00   1.0807e+02   2.1082e-01   1.7443e+02   1.9621e-01   6.5354e-03   1.6234e+02   5.4073e+00
   4.8711e-01   2.0737e+00   1.0999e+02   2.0127e-01   1.6653e+02   1.9043e-01   3.9888e-03   1.5756e+02   3.3003e+00
   4.8711e-01   2.0737e+00   1.1999e+02   1.6250e-01   1.3445e+02   1.4744e-01   3.2346e-03   1.2199e+02   2.6763e+00
   4.9487e-01   2.0815e+00   5.2133e+01   2.2922e+00   1.8172e+03   2.1218e+00   4.5320e-02   1.6821e+03   3.5928e+01
   4.9487e-01   2.0815e+00   6.0607e+01   1.3257e+00   1.0510e+03   1.2274e+00   2.5338e-02   9.7306e+02   2.0087e+01
   4.9487e-01   2.0815e+00   6.8970e+01   8.3980e-01   6.6576e+02   7.5655e-01   1.3763e-02   5.9976e+02   1.0911e+01
   4.9487e-01   2.0815e+00   7.7196e+01   5.7161e-01   4.5314e+02   5.3158e-01   1.7907e-02   4.2141e+02   1.4196e+01
   4.9487e-01   2.0815e+00   8.9992e+01   3.4800e-01   2.7588e+02   3.1720e-01   6.4172e-03   2.5146e+02   5.0873e+00
   4.9487e-01   2.0815e+00   9.3115e+01   3.1337e-01   2.4843e+02   2.9296e-01   5.4653e-03   2.3224e+02   4.3327e+00
   4.9487e-01   2.0815e+00   9.9993e+01   2.5382e-01   2.0122e+02   2.4335e-01   4.9599e-03   1.9292e+02   3.9320e+00
   4.9487e-01   2.0815e+00   1.0074e+02   2.4850e-01   1.9700e+02   2.2792e-01   5.2016e-03   1.8068e+02   4.1236e+00
   4.9487e-01   2.0815e+00   1.0807e+02   2.0470e-01   1.6228e+02   1.8675e-01   5.3437e-03   1.4805e+02   4.2362e+00
   4.9487e-01   2.0815e+00   1.0999e+02   1.9543e-01   1.5493e+02   1.8933e-01   5.0775e-03   1.5009e+02   4.0252e+00
   4.9487e-01   2.0815e+00   1.1999e+02   1.5785e-01   1.2513e+02   1.4940e-01   2.8438e-03   1.1844e+02   2.2544e+00


   3.8551e-01   1.9721e+00   6.8970e+01   1.3648e+00   2.2489e+03   1.3315e+00   2.5498e-02   2.1941e+03   4.2015e+01
   3.8551e-01   1.9721e+00   7.7196e+01   9.2712e-01   1.5277e+03   8.8235e-01   1.9573e-02   1.4539e+03   3.2252e+01
   3.8551e-01   1.9721e+00   8.9994e+01   5.6298e-01   9.2769e+02   5.6336e-01   1.1281e-02   9.2831e+02   1.8590e+01
   3.8551e-01   1.9721e+00   9.3115e+01   5.0665e-01   8.3486e+02   4.8502e-01   9.1572e-03   7.9923e+02   1.5089e+01
   3.8551e-01   1.9721e+00   9.9994e+01   4.0961e-01   6.7496e+02   4.1002e-01   9.1643e-03   6.7563e+02   1.5101e+01
   3.8551e-01   1.9721e+00   1.0074e+02   4.0095e-01   6.6069e+02   3.9846e-01   9.4581e-03   6.5659e+02   1.5585e+01
   3.8551e-01   1.9721e+00   1.0807e+02   3.2942e-01   5.4283e+02   3.1853e-01   8.6031e-03   5.2488e+02   1.4176e+01
   3.9419e-01   1.9808e+00   6.8970e+01   1.3062e+00   2.0063e+03   1.2579e+00   2.6438e-02   1.9320e+03   4.0607e+01
   3.9419e-01   1.9808e+00   9.3115e+01   4.8508e-01   7.4504e+02   4.7557e-01   1.1068e-02   7.3044e+02   1.7000e+01
   3.9419e-01   1.9808e+00   9.9994e+01   3.9222e-01   6.0242e+02   3.8415e-01   9.0813e-03   5.9002e+02   1.3948e+01
   3.9419e-01   1.9808e+00   1.0074e+02   3.8394e-01   5.8970e+02   3.7934e-01   8.9652e-03   5.8264e+02   1.3770e+01
   3.9419e-01   1.9808e+00   1.0807e+02   3.1550e-01   4.8459e+02   3.0132e-01   8.1067e-03   4.6281e+02   1.2451e+01
   4.0287e-01   1.9895e+00   6.8970e+01   1.2515e+00   1.7962e+03   1.1815e+00   2.6827e-02   1.6957e+03   3.8504e+01
   4.0287e-01   1.9895e+00   9.3115e+01   4.6492e-01   6.6727e+02   4.4304e-01   1.0381e-02   6.3587e+02   1.4899e+01
   4.0287e-01   1.9895e+00   9.9994e+01   3.7597e-01   5.3961e+02   3.8137e-01   9.2377e-03   5.4736e+02   1.3258e+01
   4.0287e-01   1.9895e+00   1.0074e+02   3.6803e-01   5.2822e+02   3.6297e-01   8.5009e-03   5.2095e+02   1.2201e+01
   4.0287e-01   1.9895e+00   1.0807e+02   3.0249e-01   4.3415e+02   2.9735e-01   7.5671e-03   4.2677e+02   1.0861e+01


   1.4877e+00   3.0743e+00   3.9260e+01   9.4985e-01   9.9647e+01   9.3702e-01   1.0041e-02   9.8301e+01   1.0533e+00
   1.4877e+00   3.0743e+00   4.3569e+01   6.8712e-01   7.2084e+01   6.5752e-01   6.4236e-03   6.8979e+01   6.7389e-01
   1.4877e+00   3.0743e+00   4.9982e+01   4.5224e-01   4.7443e+01   4.6492e-01   5.5309e-03   4.8774e+01   5.8023e-01
   1.4877e+00   3.0743e+00   5.9980e+01   2.5973e-01   2.7247e+01   2.5788e-01   3.4076e-03   2.7054e+01   3.5748e-01
   1.4877e+00   3.0743e+00   6.0607e+01   2.5154e-01   2.6389e+01   2.4639e-01   2.8783e-03   2.5849e+01   3.0196e-01
   1.4877e+00   3.0743e+00   6.8970e+01   1.6786e-01   1.7610e+01   1.6559e-01   2.0657e-03   1.7372e+01   2.1671e-01
   1.4877e+00   3.0743e+00   6.9978e+01   1.6026e-01   1.6813e+01   1.5624e-01   2.3320e-03   1.6390e+01   2.4465e-01
   1.4877e+00   3.0743e+00   7.7196e+01   1.1660e-01   1.2232e+01   1.1586e-01   1.6619e-03   1.2155e+01   1.7435e-01
   1.4877e+00   3.0743e+00   8.9977e+01   7.0390e-02   7.3845e+00   6.8308e-02   1.0598e-03   7.1660e+00   1.1118e-01
   1.4877e+00   3.0743e+00   9.3115e+01   6.3021e-02   6.6114e+00   6.1189e-02   1.3205e-03   6.4192e+00   1.3853e-01
   1.4877e+00   3.0743e+00   9.9977e+01   5.0628e-02   5.3113e+00   4.9928e-02   8.3058e-04   5.2378e+00   8.7134e-02
   1.4877e+00   3.0743e+00   1.0074e+02   4.9524e-02   5.1954e+00   4.8829e-02   1.1275e-03   5.1226e+00   1.1828e-01
   1.4877e+00   3.0743e+00   1.0807e+02   4.0993e-02   4.3004e+00   4.1158e-02   1.1194e-03   4.3178e+00   1.1744e-01
   1.4877e+00   3.0743e+00   1.0998e+02   3.9325e-02   4.1255e+00   3.8865e-02   7.4682e-04   4.0772e+00   7.8347e-02
   1.4877e+00   3.0743e+00   1.2171e+02   3.2667e-02   3.4270e+00   3.1481e-02   1.3049e-03   3.3026e+00   1.3689e-01
   1.4877e+00   3.0743e+00   1.2998e+02   3.0577e-02   3.2077e+00   3.0720e-02   5.3628e-04   3.2228e+00   5.6260e-02
   1.4877e+00   3.0743e+00   1.3498e+02   2.9968e-02   3.1438e+00   3.0238e-02   8.8051e-04   3.1722e+00   9.2372e-02
   1.4877e+00   3.0743e+00   1.3890e+02   2.9729e-02   3.1188e+00   3.1395e-02   1.6739e-03   3.2935e+00   1.7561e-01
   1.4920e+00   3.0786e+00   3.9260e+01   9.4608e-01   9.8928e+01   9.4041e-01   1.2192e-02   9.8335e+01   1.2749e+00
   1.4920e+00   3.0786e+00   4.3569e+01   6.8464e-01   7.1591e+01   6.5980e-01   6.4339e-03   6.8993e+01   6.7277e-01
   1.4920e+00   3.0786e+00   4.9982e+01   4.5082e-01   4.7141e+01   4.5914e-01   5.6512e-03   4.8011e+01   5.9093e-01
   1.4920e+00   3.0786e+00   5.2133e+01   3.9688e-01   4.1501e+01   3.8977e-01   4.4317e-03   4.0757e+01   4.6341e-01
   1.4920e+00   3.0786e+00   5.9980e+01   2.5904e-01   2.7086e+01   2.5530e-01   3.2966e-03   2.6696e+01   3.4471e-01
   1.4920e+00   3.0786e+00   6.0607e+01   2.5088e-01   2.6234e+01   2.4824e-01   2.8236e-03   2.5957e+01   2.9525e-01
   1.4920e+00   3.0786e+00   6.8970e+01   1.6744e-01   1.7509e+01   1.6508e-01   2.8486e-03   1.7262e+01   2.9787e-01
   1.4920e+00   3.0786e+00   6.9978e+01   1.5987e-01   1.6717e+01   1.5495e-01   2.3219e-03   1.6203e+01   2.4279e-01
   1.4920e+00   3.0786e+00   9.3115e+01   6.2851e-02   6.5722e+00   6.1992e-02   1.2172e-03   6.4823e+00   1.2728e-01
   1.4920e+00   3.0786e+00   9.9977e+01   5.0489e-02   5.2794e+00   5.1406e-02   8.6945e-04   5.3754e+00   9.0915e-02
   1.4920e+00   3.0786e+00   1.0074e+02   4.9387e-02   5.1643e+00   4.9206e-02   1.4104e-03   5.1453e+00   1.4748e-01
   1.4920e+00   3.0786e+00   1.0807e+02   4.0882e-02   4.2749e+00   3.9584e-02   1.0661e-03   4.1392e+00   1.1148e-01
   1.4920e+00   3.0786e+00   1.0998e+02   3.9220e-02   4.1012e+00   3.9552e-02   7.4133e-04   4.1359e+00   7.7518e-02
   1.4920e+00   3.0786e+00   1.1998e+02   3.3250e-02   3.4768e+00   3.2926e-02   5.6586e-04   3.4430e+00   5.9170e-02
   1.4920e+00   3.0786e+00   1.2998e+02   3.0520e-02   3.1914e+00   3.1540e-02   6.8674e-04   3.2980e+00   7.1810e-02
   1.4920e+00   3.0786e+00   1.3498e+02   2.9919e-02   3.1285e+00   2.9058e-02   1.1391e-03   3.0385e+00   1.1911e-01
   1.4963e+00   3.0829e+00   3.9260e+01   9.4234e-01   9.8219e+01   9.4559e-01   1.0155e-02   9.8558e+01   1.0584e+00
   1.4963e+00   3.0829e+00   4.3569e+01   6.8219e-01   7.1104e+01   6.5265e-01   7.1015e-03   6.8025e+01   7.4018e-01
   1.4963e+00   3.0829e+00   4.9982e+01   4.4941e-01   4.6842e+01   4.5574e-01   6.8379e-03   4.7502e+01   7.1271e-01
   1.4963e+00   3.0829e+00   5.2133e+01   3.9569e-01   4.1243e+01   4.0032e-01   4.2028e-03   4.1725e+01   4.3806e-01
   1.4963e+00   3.0829e+00   5.9980e+01   2.5835e-01   2.6928e+01   2.5500e-01   3.3024e-03   2.6579e+01   3.4421e-01
   1.4963e+00   3.0829e+00   6.0607e+01   2.5022e-01   2.6080e+01   2.4703e-01   2.7983e-03   2.5748e+01   2.9167e-01
   1.4963e+00   3.0829e+00   6.8970e+01   1.6703e-01   1.7410e+01   1.6884e-01   2.1202e-03   1.7598e+01   2.2098e-01
   1.4963e+00   3.0829e+00   6.9978e+01   1.5947e-01   1.6622e+01   1.5530e-01   2.2802e-03   1.6187e+01   2.3767e-01
   1.4963e+00   3.0829e+00   7.7196e+01   1.1603e-01   1.2094e+01   1.1596e-01   1.6549e-03   1.2087e+01   1.7249e-01
   1.4963e+00   3.0829e+00   8.9977e+01   7.0021e-02   7.2982e+00   6.8621e-02   1.1472e-03   7.1523e+00   1.1957e-01
   1.4963e+00   3.0829e+00   9.3115e+01   6.2684e-02   6.5335e+00   6.3109e-02   1.2285e-03   6.5778e+00   1.2804e-01
   1.4963e+00   3.0829e+00   9.9977e+01   5.0351e-02   5.2480e+00   5.0480e-02   8.5479e-04   5.2615e+00   8.9093e-02
   1.4963e+00   3.0829e+00   1.0074e+02   4.9252e-02   5.1335e+00   4.7984e-02   1.1095e-03   5.0014e+00   1.1564e-01
   1.4963e+00   3.0829e+00   1.0807e+02   4.0772e-02   4.2496e+00   3.9434e-02   1.1049e-03   4.1102e+00   1.1517e-01
   1.4963e+00   3.0829e+00   1.0998e+02   3.9117e-02   4.0771e+00   3.9094e-02   6.9508e-04   4.0748e+00   7.2448e-02
   1.4963e+00   3.0829e+00   1.1998e+02   3.3173e-02   3.4576e+00   3.3036e-02   7.4250e-04   3.4433e+00   7.7390e-02
   1.4963e+00   3.0829e+00   1.2998e+02   3.0464e-02   3.1752e+00   3.1487e-02   1.0155e-03   3.2819e+00   1.0585e-01
   1.4963e+00   3.0829e+00   1.3498e+02   2.9871e-02   3.1134e+00   2.9374e-02   1.0135e-03   3.0616e+00   1.0563e-01


