   3.2740e-01   1.9140e+00   0.0000e+00   1.5799e-07   4.5044e-04   1.6722e-07   5.0666e-09   4.7675e-04   1.4445e-05
   4.2600e-01   2.0126e+00   0.0000e+00   3.4971e-07   4.2375e-04   3.6401e-07   7.9477e-09   4.4108e-04   9.6305e-06
   5.1800e-01   2.1046e+00   0.0000e+00   5.7106e-07   4.0115e-04   6.0328e-07   1.3707e-08   4.2378e-04   9.6286e-06
   5.8150e-01   2.1681e+00   0.0000e+00   7.3650e-07   3.8730e-04   7.3254e-07   2.0141e-08   3.8522e-04   1.0592e-05
   7.0240e-01   2.2890e+00   0.0000e+00   1.0619e-06   3.6523e-04   1.0499e-06   2.8001e-08   3.6111e-04   9.6307e-06
   7.9680e-01   2.3834e+00   0.0000e+00   1.3164e-06   3.5179e-04   1.3081e-06   2.5227e-08   3.4955e-04   6.7414e-06
   1.2337e+00   2.8203e+00   0.0000e+00   2.4445e-06   3.2289e-04   2.4062e-06   4.3750e-08   3.1783e-04   5.7789e-06
   1.2347e+00   2.8213e+00   0.0000e+00   2.4470e-06   3.2287e-04   2.3647e-06   4.3798e-08   3.1202e-04   5.7790e-06


   4.2000e-01   2.0066e+00   0.0000e+00   3.3642e-07   4.2532e-04   3.4930e-07   2.5438e-08   4.4160e-04   3.2160e-05
   5.0600e-01   2.0926e+00   0.0000e+00   5.4069e-07   4.0394e-04   5.3382e-07   4.2063e-08   3.9881e-04   3.1424e-05
   6.1500e-01   2.2016e+00   0.0000e+00   8.2591e-07   3.8062e-04   8.2694e-07   3.6705e-08   3.8110e-04   1.6916e-05
   9.5000e-01   2.5366e+00   0.0000e+00   1.7215e-06   3.3619e-04   1.7000e-06   3.0795e-08   3.3199e-04   6.0138e-06


   9.2899e-02   1.6795e+00   0.0000e+00   2.2233e-10   5.1455e-04   2.3028e-10   7.4593e-12   5.3295e-04   1.7264e-05
   1.0570e-01   1.6923e+00   0.0000e+00   5.6294e-10   5.1118e-04   5.4161e-10   1.7029e-11   4.9182e-04   1.5463e-05
   1.2650e-01   1.7131e+00   0.0000e+00   1.8339e-09   5.0570e-04   1.8596e-09   3.9078e-11   5.1279e-04   1.0776e-05
   1.4770e-01   1.7343e+00   0.0000e+00   4.6096e-09   5.0006e-04   4.5906e-09   8.3717e-11   4.9800e-04   9.0817e-06
   1.6890e-01   1.7555e+00   0.0000e+00   9.5715e-09   4.9437e-04   9.3119e-09   1.9514e-10   4.8097e-04   1.0079e-05
   1.6950e-01   1.7561e+00   0.0000e+00   9.7499e-09   4.9421e-04   9.9807e-09   2.0083e-10   5.0591e-04   1.0180e-05
   1.0560e-01   1.6922e+00   0.0000e+00   5.5916e-10   5.1121e-04   5.6317e-10   2.9795e-11   5.1488e-04   2.7240e-05


   7.0100e-01   2.2876e+00   0.0000e+00   1.0581e-06   3.6545e-04   1.0963e-06   1.9231e-07   3.7864e-04   6.6420e-05
   8.0200e-01   2.3886e+00   0.0000e+00   1.3304e-06   3.5114e-04   1.4034e-06   7.6915e-08   3.7040e-04   2.0301e-05
   9.0200e-01   2.4886e+00   0.0000e+00   1.5959e-06   3.4032e-04   1.5285e-06   6.7309e-08   3.2596e-04   1.4354e-05
   1.0020e+00   2.5886e+00   0.0000e+00   1.8564e-06   3.3240e-04   1.8846e-06   6.7309e-08   3.3746e-04   1.2052e-05
   1.0020e+00   2.5886e+00   0.0000e+00   1.8564e-06   3.3240e-04   1.7884e-06   5.7694e-08   3.2023e-04   1.0331e-05
   1.1020e+00   2.6886e+00   0.0000e+00   2.1124e-06   3.2695e-04   2.0771e-06   1.9231e-08   3.2148e-04   2.9765e-06
   1.1020e+00   2.6886e+00   0.0000e+00   2.1124e-06   3.2695e-04   2.1060e-06   3.8462e-08   3.2595e-04   5.9530e-06
   1.1030e+00   2.6896e+00   0.0000e+00   2.1150e-06   3.2691e-04   2.0771e-06   5.7694e-08   3.2106e-04   8.9176e-06
   1.2030e+00   2.7896e+00   0.0000e+00   2.3675e-06   3.2355e-04   2.3466e-06   4.8088e-08   3.2070e-04   6.5719e-06
   1.2030e+00   2.7896e+00   0.0000e+00   2.3675e-06   3.2355e-04   2.3466e-06   8.6550e-08   3.2070e-04   1.1828e-05
   1.3530e+00   2.9396e+00   0.0000e+00   2.7421e-06   3.2173e-04   2.6835e-06   6.7319e-08   3.1486e-04   7.8985e-06
   1.4030e+00   2.9896e+00   0.0000e+00   2.8663e-06   3.2185e-04   2.9424e-06   3.8472e-08   3.3039e-04   4.3198e-06
   1.4030e+00   2.9896e+00   0.0000e+00   2.8663e-06   3.2185e-04   2.9145e-06   7.6935e-08   3.2725e-04   8.6385e-06
   1.5040e+00   3.0906e+00   0.0000e+00   3.1170e-06   3.2302e-04   3.1446e-06   9.6175e-08   3.2588e-04   9.9668e-06
   1.6040e+00   3.1906e+00   0.0000e+00   3.3653e-06   3.2528e-04   3.2408e-06   9.6175e-08   3.1324e-04   9.2959e-06
   1.7040e+00   3.2906e+00   0.0000e+00   3.6144e-06   3.2848e-04   3.6932e-06   1.1541e-07   3.3564e-04   1.0488e-05
   1.7040e+00   3.2906e+00   0.0000e+00   3.6144e-06   3.2848e-04   3.7125e-06   8.6560e-08   3.3739e-04   7.8666e-06
   1.8040e+00   3.3906e+00   0.0000e+00   3.8647e-06   3.3251e-04   3.8568e-06   3.8472e-08   3.3183e-04   3.3100e-06
   1.8040e+00   3.3906e+00   0.0000e+00   3.8647e-06   3.3251e-04   3.7991e-06   1.1541e-07   3.2686e-04   9.9293e-06
   1.9040e+00   3.4906e+00   0.0000e+00   4.1167e-06   3.3729e-04   4.3188e-06   1.3466e-07   3.5385e-04   1.1033e-05
   1.9550e+00   3.5416e+00   0.0000e+00   4.2460e-06   3.3998e-04   4.2130e-06   1.0578e-07   3.3734e-04   8.4700e-06
   2.0050e+00   3.5916e+00   0.0000e+00   4.3734e-06   3.4279e-04   4.7327e-06   1.3466e-07   3.7096e-04   1.0555e-05
   2.0550e+00   3.6416e+00   0.0000e+00   4.5013e-06   3.4575e-04   4.6846e-06   1.1541e-07   3.5983e-04   8.8645e-06
   2.1050e+00   3.6916e+00   0.0000e+00   4.6299e-06   3.4886e-04   4.7712e-06   1.5391e-07   3.5951e-04   1.1597e-05
   2.1560e+00   3.7426e+00   0.0000e+00   4.7618e-06   3.5217e-04   4.7616e-06   4.8097e-08   3.5216e-04   3.5572e-06
   2.2050e+00   3.7916e+00   0.0000e+00   4.8894e-06   3.5550e-04   5.0407e-06   1.5391e-07   3.6651e-04   1.1190e-05
   2.2050e+00   3.7916e+00   0.0000e+00   4.8894e-06   3.5550e-04   5.0022e-06   1.5391e-07   3.6371e-04   1.1190e-05
   2.3050e+00   3.8916e+00   0.0000e+00   5.1523e-06   3.6270e-04   5.1177e-06   1.3466e-07   3.6027e-04   9.4794e-06
   2.3060e+00   3.8926e+00   0.0000e+00   5.1549e-06   3.6278e-04   5.1274e-06   1.5391e-07   3.6084e-04   1.0831e-05
   2.4060e+00   3.9926e+00   0.0000e+00   5.4221e-06   3.7055e-04   5.3295e-06   1.3466e-07   3.6422e-04   9.2025e-06
   2.5070e+00   4.0936e+00   0.0000e+00   5.6976e-06   3.7901e-04   5.7424e-06   5.7713e-08   3.8199e-04   3.8391e-06
   2.7620e+00   4.3486e+00   0.0000e+00   6.4487e-06   4.0475e-04   6.4451e-06   6.7338e-08   4.0452e-04   4.2264e-06
   2.8570e+00   4.4436e+00   0.0000e+00   6.8003e-06   4.1897e-04   6.9263e-06   1.9241e-07   4.2673e-04   1.1854e-05
   2.8570e+00   4.4436e+00   0.0000e+00   6.8003e-06   4.1897e-04   6.8301e-06   1.9241e-07   4.2080e-04   1.1854e-05
   2.9080e+00   4.4946e+00   0.0000e+00   7.0428e-06   4.2987e-04   7.3691e-06   1.6353e-07   4.4978e-04   9.9815e-06
   2.9280e+00   4.5146e+00   0.0000e+00   7.1484e-06   4.3476e-04   7.1766e-06   1.8278e-07   4.3648e-04   1.1117e-05
   2.9470e+00   4.5336e+00   0.0000e+00   7.2452e-06   4.3918e-04   7.5616e-06   1.6353e-07   4.5837e-04   9.9130e-06
   2.9680e+00   4.5546e+00   0.0000e+00   7.3315e-06   4.4281e-04   7.3113e-06   1.9241e-07   4.4160e-04   1.1621e-05
   2.9870e+00   4.5736e+00   0.0000e+00   7.3763e-06   4.4409e-04   7.3017e-06   8.6579e-08   4.3960e-04   5.2125e-06
   2.9880e+00   4.5746e+00   0.0000e+00   7.3777e-06   4.4410e-04   7.6001e-06   1.9241e-07   4.5749e-04   1.1582e-05
   3.0080e+00   4.5946e+00   0.0000e+00   7.3883e-06   4.4326e-04   7.3402e-06   1.6353e-07   4.4037e-04   9.8111e-06
   3.0280e+00   4.6146e+00   0.0000e+00   7.3808e-06   4.4136e-04   7.3113e-06   1.5391e-07   4.3721e-04   9.2035e-06
   3.0480e+00   4.6346e+00   0.0000e+00   7.3742e-06   4.3955e-04   7.3113e-06   1.9241e-07   4.3580e-04   1.1469e-05
   3.0680e+00   4.6546e+00   0.0000e+00   7.3786e-06   4.3842e-04   7.1766e-06   1.5391e-07   4.2642e-04   9.1449e-06
   3.0890e+00   4.6756e+00   0.0000e+00   7.3969e-06   4.3808e-04   7.4365e-06   1.8278e-07   4.4042e-04   1.0825e-05
   3.1100e+00   4.6966e+00   0.0000e+00   7.4272e-06   4.3846e-04   7.0803e-06   1.3466e-07   4.1798e-04   7.9494e-06
   3.1300e+00   4.7166e+00   0.0000e+00   7.4643e-06   4.3932e-04   7.0226e-06   2.8856e-07   4.1333e-04   1.6984e-05


   3.0340e-01   1.8900e+00   0.0000e+00   1.2169e-07   4.5714e-04   1.2041e-07   8.3661e-09   4.5235e-04   3.1428e-05
   3.8490e-01   1.9715e+00   0.0000e+00   2.6245e-07   4.3465e-04   2.9046e-07   1.9558e-08   4.8102e-04   3.2389e-05
   4.7420e-01   2.0608e+00   0.0000e+00   4.6209e-07   4.1157e-04   4.6517e-07   2.2454e-08   4.1432e-04   1.9999e-05
   5.9310e-01   2.1797e+00   0.0000e+00   7.6734e-07   3.8494e-04   7.6135e-07   3.7972e-08   3.8193e-04   1.9049e-05
   6.7170e-01   2.2583e+00   0.0000e+00   9.7883e-07   3.7030e-04   9.5169e-07   5.2871e-08   3.6003e-04   2.0002e-05
   6.7180e-01   2.2584e+00   0.0000e+00   9.7909e-07   3.7029e-04   1.0127e-06   8.0593e-08   3.8298e-04   3.0480e-05
   8.1500e-01   2.4016e+00   0.0000e+00   1.3652e-06   3.4955e-04   1.2794e-06   5.9521e-08   3.2759e-04   1.5240e-05
   8.5600e-01   2.4426e+00   0.0000e+00   1.4743e-06   3.4491e-04   1.3766e-06   8.1431e-08   3.2204e-04   1.9050e-05
   9.0280e-01   2.4894e+00   0.0000e+00   1.5980e-06   3.4025e-04   1.6957e-06   9.3940e-08   3.6106e-04   2.0002e-05
   9.5160e-01   2.5382e+00   0.0000e+00   1.7257e-06   3.3606e-04   1.7662e-06   1.0269e-07   3.4395e-04   1.9999e-05
   9.9400e-01   2.5806e+00   0.0000e+00   1.8357e-06   3.3294e-04   1.8386e-06   7.8774e-08   3.3346e-04   1.4287e-05
   1.0840e+00   2.6706e+00   0.0000e+00   2.0666e-06   3.2777e-04   2.0777e-06   1.0212e-07   3.2952e-04   1.6197e-05
   1.1290e+00   2.7156e+00   0.0000e+00   2.1809e-06   3.2585e-04   2.2635e-06   1.1479e-07   3.3818e-04   1.7151e-05
   1.1545e+00   2.7411e+00   0.0000e+00   2.2454e-06   3.2494e-04   2.3759e-06   1.2508e-07   3.4382e-04   1.8101e-05
   1.2674e+00   2.8540e+00   0.0000e+00   2.5288e-06   3.2234e-04   2.3387e-06   1.6443e-07   2.9811e-04   2.0959e-05
   1.3741e+00   2.9607e+00   0.0000e+00   2.7946e-06   3.2174e-04   2.7960e-06   1.4890e-07   3.2190e-04   1.7143e-05
   1.4520e+00   3.0386e+00   0.0000e+00   2.9880e-06   3.2227e-04   3.0913e-06   2.0310e-07   3.3341e-04   2.1905e-05


   1.4730e+00   3.0596e+00   0.0000e+00   3.0401e-06   3.2253e-04   2.9505e-06   1.1312e-07   3.1303e-04   1.2001e-05
   1.7910e+00   3.3776e+00   0.0000e+00   3.8321e-06   3.3195e-04   3.7756e-06   1.2702e-07   3.2705e-04   1.1003e-05
   2.1150e+00   3.7016e+00   0.0000e+00   4.6557e-06   3.4949e-04   4.6757e-06   1.3322e-07   3.5100e-04   1.0001e-05
   2.3380e+00   3.9246e+00   0.0000e+00   5.2399e-06   3.6520e-04   5.0798e-06   1.8653e-07   3.5404e-04   1.3000e-05
   2.5270e+00   4.1136e+00   0.0000e+00   5.7530e-06   3.8077e-04   6.0589e-06   1.8133e-07   4.0101e-04   1.2001e-05


