Segment #	CM Energy (MeV)	CM Angle (degrees)	CM Cross Section (barns)	Chi-Squared of Point
2	1.39959	54.7691	0.365903	0.473989
2	1.42537	54.7691	0.356373	0.205046
2	1.45245	54.7691	0.352006	0.465928
2	1.47952	54.7691	0.345851	0.509342
2	1.50788	54.7691	0.332748	0.00342348
2	1.53237	54.7691	0.327586	0.00316966
2	1.56073	54.7691	0.325799	0.202572
2	1.58781	54.7691	0.321431	0.280856
2	1.5891	54.7691	0.311306	0.260903
2	1.61617	54.7691	0.309122	0.0537267
2	1.67246	54.7691	0.30535	0.132103
2	1.69824	54.7691	0.295621	0.0778327
2	1.78204	54.7691	0.286687	0.000446333
2	1.80911	54.7691	0.28351	0.00232098
2	1.80911	54.7691	0.278746	0.271539
2	1.83618	54.7691	0.277753	0.0629689
2	1.86455	54.7691	0.279937	0.159397
2	1.86583	54.7691	0.273584	0.121278
2	1.89677	54.7691	0.26862	0.302164
2	1.92342	54.7691	0.269017	0.0236875
2	1.95436	54.7691	0.269216	0.0647784
2	1.98401	54.7691	0.262664	0.0440193
2	2.01237	54.7691	0.256112	0.531247
2	2.04331	54.7691	0.256509	0.10357
2	2.06393	54.7691	0.257701	0.0035808
2	2.09616	54.7691	0.256112	0.0387824
2	2.12581	54.7691	0.250355	0.0652945
2	2.15546	54.7691	0.24698	0.170363
2	2.18726	54.7691	0.245789	0.0697096
2	2.2182	54.7691	0.243009	0.124682
2	2.24914	54.7691	0.243406	0.000217219
2	2.28008	54.7691	0.241222	0.00174229
2	2.31876	54.7691	0.240031	0.0151835
2	2.34454	54.7691	0.238244	0.00772191
2	2.37677	54.7691	0.235663	0.000237012
2	2.40857	54.7691	0.233479	0.0059159
2	2.44209	54.7691	0.234472	0.101302
2	2.47303	54.7691	0.232685	0.0854482
2	2.50654	54.7691	0.229508	0.00619658
2	2.53748	54.7691	0.22792	0.00465126
2	2.571	54.7691	0.228317	0.13096
2	2.6028	54.7691	0.226133	0.0726589
2	2.63761	54.7691	0.225339	0.167506
2	2.66984	54.7691	0.226729	0.740414
2	2.65308	54.7691	0.226133	0.411915
2	2.70464	54.7691	0.223155	0.427251
2	2.70464	54.7691	0.226729	1.36187
2	2.73601	54.7691	0.222361	0.774689
2	2.76996	54.7691	0.217398	0.417779
2	2.80391	54.7691	0.213824	0.77052
2	2.83957	54.7691	0.203302	0.432769
2	2.85333	54.7691	0.198299	0.502026
2	2.86149	54.7691	0.195301	0.733012
2	2.86493	54.7691	0.1927	0.527397
2	2.87352	54.7691	0.187994	0.636644
2	2.87782	54.7691	0.184699	0.53153
2	2.88298	54.7691	0.181204	0.617148
2	2.90704	54.7691	0.153409	0.00741162
2	2.92165	54.7691	0.138499	0.9996
2	2.92767	54.7691	0.125892	0.0399866
2	2.93153	54.7691	0.12081	0.276621
2	2.9354	54.7691	0.114992	0.538253
2	2.94228	54.7691	0.100499	0.00331474
2	2.95302	54.7691	0.0832663	0.0635217
2	2.9672	54.7691	0.066212	1.72266
2	2.9758	54.7691	0.0537638	0.334104
2	2.98525	54.7691	0.0509445	2.37917
2	2.99341	54.7691	0.0517585	4.44031
2	2.99986	54.7691	0.0507658	1.244
2	3.00716	54.7691	0.0569999	5.83302
2	3.01361	54.7691	0.0602361	4.54866
2	3.02006	54.7691	0.0688923	8.05056
2	3.03123	54.7691	0.0739351	1.43383
2	3.03767	54.7691	0.080189	1.35081
2	3.05314	54.7691	0.0940866	1.11262
2	3.07678	54.7691	0.109791	0.0089982
2	3.09741	54.7691	0.126706	1.47406
2	3.12233	54.7691	0.134409	0.0419936
2	3.14467	54.7691	0.139591	0.14838
2	3.16745	54.7691	0.147294	0.00250903
2	3.20097	54.7691	0.152992	0.00301566
2	3.23577	54.7691	0.162602	1.07433
2	3.27144	54.7691	0.164508	0.669748
2	1.3983	63.4537	0.227302	0.024135
2	1.41549	63.4537	0.223239	0.00342452
2	1.41205	63.4537	0.220192	0.358567
2	1.43741	63.4537	0.219989	0.00479927
2	1.46491	63.4537	0.211864	0.569277
2	1.49241	63.4537	0.209833	0.268133
2	1.51991	63.4537	0.206786	0.225254
2	1.5487	63.4537	0.203332	0.253202
2	1.57492	63.4537	0.200103	0.32531
2	1.60285	63.4537	0.193399	1.55109
2	1.63121	63.4537	0.197909	0.000110029
2	1.65742	63.4537	0.191998	0.347293
2	1.6875	63.4537	0.186209	1.36161
2	1.71371	63.4537	0.186107	0.622052
2	1.74251	63.4537	0.183812	0.633617
2	1.77087	63.4537	0.184401	0.0854631
2	1.79708	63.4537	0.180298	0.492991
2	1.82845	63.4537	0.176601	0.995845
2	1.85681	63.4537	0.173005	1.80526
2	1.88646	63.4537	0.175301	0.281385
2	1.91654	63.4537	0.171096	1.00404
2	1.9449	63.4537	0.167602	1.91624
2	1.97455	63.4537	0.169004	0.588082
2	2.0042	63.4537	0.170405	0.0295624
2	2.03299	63.4537	0.163803	1.47685
2	2.04889	63.4537	0.165002	0.6402
2	2.06608	63.4537	0.164007	0.696744
2	2.0923	63.4537	0.164108	0.307731
2	2.10948	63.4537	0.162097	0.652943
2	2.12324	63.4537	0.162097	0.457098
2	2.14042	63.4537	0.160594	0.689776
2	2.16922	63.4537	0.160208	0.414147
2	2.18297	63.4537	0.159294	0.510755
2	2.20101	63.4537	0.158908	0.400695
2	2.21477	63.4537	0.158705	0.309174
2	2.23066	63.4537	0.158705	0.173471
2	2.24785	63.4537	0.158807	0.0602897
2	2.26289	63.4537	0.158197	0.060856
2	2.29254	63.4537	0.156694	0.101921
2	2.32434	63.4537	0.155902	0.0512476
2	2.35528	63.4537	0.154805	0.0445392
2	2.38708	63.4537	0.154805	0.00186705
2	2.41931	63.4537	0.152895	0.0132229
2	2.45111	63.4537	0.152509	0.00274517
2	2.48334	63.4537	0.152611	0.108655
2	2.51514	63.4537	0.149909	7.07693e-05
2	2.54737	63.4537	0.151697	0.418941
2	2.58131	63.4537	0.150295	0.399556
2	2.62386	63.4537	0.146903	0.0770701
2	2.65823	63.4537	0.144811	0.0289472
2	2.69132	63.4537	0.144202	0.201125
2	2.72097	63.4537	0.142109	0.18334
2	2.76008	63.4537	0.140606	0.818004
2	2.79231	63.4537	0.134004	0.130392
2	2.82539	63.4537	0.128398	0.445515
2	2.84645	63.4537	0.120598	0.116347
2	2.87051	63.4537	0.108491	0.000193886
2	2.89415	63.4537	0.0935614	0.174441
2	2.90489	63.4537	0.0830393	0.027251
2	2.91649	63.4537	0.0688202	0.415769
2	2.92853	63.4537	0.0555762	0.0356048
2	2.93841	63.4537	0.0413571	0.187938
2	2.95259	63.4537	0.027524	12.8109
2	2.96333	63.4537	0.0150702	5.3577
2	2.97279	63.4537	0.00571809	1.28783
2	2.9831	63.4537	0.00241521	1.87156
2	2.99427	63.4537	0.00340242	1.81289
2	3.00588	63.4537	0.00789767	0.00142937
2	3.01662	63.4537	0.0161	0.000147173
2	3.03767	63.4537	0.0350398	0.0326084
2	3.06217	63.4537	0.0531996	0.573398
2	3.08237	63.4537	0.0654889	0.637567
2	3.10471	63.4537	0.0770266	0.0679152
2	3.12963	63.4537	0.086594	0.0266718
2	3.15241	63.4537	0.0895597	0.707208
2	3.18507	63.4537	0.0981521	0.0549667
2	3.21687	63.4537	0.102296	0.151093
2	3.24996	63.4537	0.105607	0.39378
2	1.391	73.9396	0.142398	0.667909
2	1.391	73.9396	0.140495	0.141917
2	1.40819	73.9396	0.140202	0.460559
2	1.40475	73.9396	0.142001	1.03656
2	1.41979	73.9396	0.13629	8.04023e-05
2	1.43268	73.9396	0.138298	0.551963
2	1.44557	73.9396	0.1338	0.00737068
2	1.45803	73.9396	0.131792	0.115012
2	1.47092	73.9396	0.128194	1.0367
2	1.48596	73.9396	0.131604	0.0267653
2	1.49757	73.9396	0.129386	0.0325987
2	1.50917	73.9396	0.126688	0.449624
2	1.52335	73.9396	0.126688	0.164114
2	1.53796	73.9396	0.12719	5.37322e-05
2	1.54999	73.9396	0.122504	1.1227
2	1.56245	73.9396	0.124889	0.0343424
2	1.57663	73.9396	0.122295	0.420896
2	1.59124	73.9396	0.123801	0.000160011
2	1.59124	73.9396	0.122295	0.158852
2	1.60414	73.9396	0.122002	0.0692877
2	1.61918	73.9396	0.122295	0.0038225
2	1.63293	73.9396	0.118299	0.697225
2	1.64797	73.9396	0.119094	0.136428
2	1.66086	73.9396	0.118006	0.22982
2	1.67676	73.9396	0.118697	0.00165057
2	1.69137	73.9396	0.1174	0.0364214
2	1.715	73.9396	0.115391	0.181305
2	1.715	73.9396	0.110099	4.18583
2	1.73004	73.9396	0.114492	0.223727
2	1.74379	73.9396	0.113007	0.518553
2	1.75669	73.9396	0.113195	0.233799
2	1.76915	73.9396	0.110998	0.956582
2	1.79708	73.9396	0.110705	0.469443
2	1.79794	73.9396	0.109199	1.30155
2	1.81212	73.9396	0.110496	0.305282
2	1.82802	73.9396	0.109806	0.310961
2	1.84177	73.9396	0.109199	0.319779
2	1.85552	73.9396	0.108091	0.545787
2	1.8697	73.9396	0.1074	0.606017
2	1.88431	73.9396	0.1074	0.35635
2	1.89849	73.9396	0.107003	0.303379
2	1.9131	73.9396	0.107003	0.140131
2	1.92728	73.9396	0.1074	0.00659468
2	1.94404	73.9396	0.103405	1.37558
2	1.95608	73.9396	0.105894	0.0483899
2	1.97283	73.9396	0.103907	0.445354
2	1.98659	73.9396	0.103593	0.373118
2	2.00163	73.9396	0.102087	0.890404
2	2.01538	73.9396	0.102296	0.51028
2	2.03171	73.9396	0.101396	0.700542
2	2.04632	73.9396	0.101606	0.362115
2	2.04632	73.9396	0.0997437	1.52958
2	2.06136	73.9396	0.100288	0.7775
2	2.0923	73.9396	0.0989906	0.982794
2	2.12195	73.9396	0.0977354	1.23611
2	2.14988	73.9396	0.0971706	1.02898
2	2.18297	73.9396	0.0988023	0.0105587
2	2.21391	73.9396	0.096815	0.2194
2	2.24571	73.9396	0.095518	0.35854
2	2.27664	73.9396	0.0944302	0.451021
2	2.30887	73.9396	0.0944302	0.115297
2	2.33852	73.9396	0.0902463	2.51975
2	2.36946	73.9396	0.0902463	1.57553
2	2.40255	73.9396	0.0897024	1.2097
2	2.43564	73.9396	0.0904136	0.222722
2	2.46658	73.9396	0.0895141	0.220461
2	2.49924	73.9396	0.0893258	0.0275091
2	2.53147	73.9396	0.0875058	0.225316
2	2.56327	73.9396	0.0876732	4.60378e-05
2	2.5955	73.9396	0.0875058	0.132036
2	2.63159	73.9396	0.0849537	0.00753355
2	2.65179	73.9396	0.0842215	0.00201388
2	2.66468	73.9396	0.0836776	0.00125579
2	2.69562	73.9396	0.0822132	0.00055717
2	2.68617	73.9396	0.0824015	0.0199938
2	2.71668	73.9396	0.0831128	0.641967
2	2.70636	73.9396	0.080205	0.385783
2	2.72957	73.9396	0.0811254	0.104295
2	2.7373	73.9396	0.0800376	0.00638588
2	2.7532	73.9396	0.0791172	0.0253671
2	2.76394	73.9396	0.0782176	0.0162295
2	2.78414	73.9396	0.078385	0.893361
2	2.79574	73.9396	0.0738455	0.279518
2	2.81594	73.9396	0.0756445	1.72449
2	2.82754	73.9396	0.0721928	0.254952
2	2.85204	73.9396	0.069285	1.21964
2	2.86708	73.9396	0.064369	0.0781129
2	2.88641	73.9396	0.0603734	0.762572
2	2.89372	73.9396	0.057089	0.0836267
2	2.91091	73.9396	0.0520056	0.438176
2	2.92036	73.9396	0.0490978	1.40333
2	2.9311	73.9396	0.0445583	0.382744
2	2.94142	73.9396	0.0409183	0.521013
2	2.9556	73.9396	0.0392866	4.37292
2	2.97451	73.9396	0.0383662	0.925406
2	2.98869	73.9396	0.0414413	1.38653
2	2.999	73.9396	0.0449139	1.54805
2	3.01189	73.9396	0.0489096	0.0269589
2	3.02178	73.9396	0.0543486	0.786726
2	3.04412	73.9396	0.0607081	0.000961865
2	3.06733	73.9396	0.0652685	0.482616
2	3.0901	73.9396	0.0692641	0.268786
2	3.11116	73.9396	0.0723393	0.0070361
2	3.13479	73.9396	0.075791	0.598684
2	3.17089	73.9396	0.0759793	0.132318
2	3.20312	73.9396	0.0768788	0.383907
2	3.23492	73.9396	0.0766905	0.324218
2	3.26242	73.9396	0.0777783	1.27854
2	1.40647	90.0313	0.0770488	5.16047
2	1.40389	90.0313	0.0741935	1.03495
2	1.43096	90.0313	0.0717959	0.315819
2	1.48596	90.0313	0.0691804	0.28935
2	1.51561	90.0313	0.0672406	0.0453227
2	1.5414	90.0313	0.0670226	0.384611
2	1.56847	90.0313	0.064843	0.00280646
2	1.5964	90.0313	0.0633173	0.0451516
2	1.62476	90.0313	0.0629032	0.00792267
2	1.65184	90.0313	0.0605056	0.537246
2	1.6802	90.0313	0.0620531	0.360085
2	1.70813	90.0313	0.0609633	0.229064
2	1.7352	90.0313	0.0585658	0.174773
2	1.76227	90.0313	0.0583696	0.00988869
2	1.79192	90.0313	0.0570618	0.161165
2	1.81857	90.0313	0.05619	0.267538
2	1.84693	90.0313	0.0551002	0.579599
2	1.87658	90.0313	0.054904	0.206715
2	1.90494	90.0313	0.054272	0.201636
2	1.93416	90.0313	0.0525283	1.3479
2	1.96381	90.0313	0.0542938	0.121093
2	1.99217	90.0313	0.0516782	0.896343
2	2.02311	90.0313	0.0512641	0.680413
2	2.06651	90.0313	0.0499564	1.30987
2	2.09616	90.0313	0.0501961	0.422924
2	2.12538	90.0313	0.0506538	4.9294e-05
2	2.15632	90.0313	0.0489102	0.705501
2	2.18726	90.0313	0.0473844	2.15857
2	2.2182	90.0313	0.0487358	0.0817438
2	2.24871	90.0313	0.0482999	0.0738241
2	2.28094	90.0313	0.0481037	0.00389451
2	2.31188	90.0313	0.0476896	0.00575337
2	2.34239	90.0313	0.04551	1.15328
2	2.37204	90.0313	0.0457279	0.543284
2	2.40556	90.0313	0.0453138	0.928905
2	2.43865	90.0313	0.0448997	0.789069
2	2.46959	90.0313	0.0442458	1.65864
2	2.50182	90.0313	0.0444856	0.597665
2	2.53405	90.0313	0.0445074	0.22378
2	2.56713	90.0313	0.0440715	0.605274
2	2.60065	90.0313	0.0438753	0.4391
2	2.63503	90.0313	0.0436791	0.496083
2	2.65566	90.0313	0.0437009	1.57024
2	2.66597	90.0313	0.0443548	0.301716
2	2.68917	90.0313	0.0463382	0.181842
2	2.70078	90.0313	0.0465562	0.181357
2	2.71882	90.0313	0.0452484	0.56677
2	2.73386	90.0313	0.0452702	1.1215
2	2.76351	90.0313	0.0481255	0.0175866
2	2.75449	90.0313	0.0489973	0.655517
2	2.7893	90.0313	0.049891	0.0646028
2	2.80047	90.0313	0.0525283	0.495329
2	2.8211	90.0313	0.0549694	0.211626
2	2.83399	90.0313	0.0589145	1.80018
2	2.85676	90.0313	0.0617698	0.0641209
2	2.86837	90.0313	0.0659546	0.0133009
2	2.88985	90.0313	0.0777898	0.547161
2	2.90017	90.0313	0.0850479	1.18202
2	2.91306	90.0313	0.0925021	0.116231
2	2.92423	90.0313	0.100806	0.00116178
2	2.93325	90.0313	0.112009	0.745179
2	2.94572	90.0313	0.120989	0.0112575
2	2.95732	90.0313	0.130492	0.00802123
2	2.96978	90.0313	0.136203	0.0684126
2	2.9672	90.0313	0.14139	1.52327
2	2.98009	90.0313	0.138797	0.041737
2	2.99041	90.0313	0.137903	0.0270247
2	3.00072	90.0313	0.135309	0.0346757
2	2.98912	90.0313	0.135702	0.613553
2	3.00201	90.0313	0.131103	0.502898
2	3.01232	90.0313	0.125196	0.412141
2	3.02306	90.0313	0.115802	1.48948
2	3.04627	90.0313	0.100501	1.13378
2	3.06561	90.0313	0.0910418	0.191761
2	3.0901	90.0313	0.0794463	0.467188
2	3.11459	90.0313	0.07221	0.122421
2	3.13651	90.0313	0.0665213	0.288618
2	3.17003	90.0313	0.0599607	0.914568
2	3.20355	90.0313	0.0575632	9.26967e-05
2	3.23706	90.0313	0.0545117	0.00442551
2	1.40733	104.593	0.04794	2.34574
2	1.43311	104.593	0.0450812	0.0518184
2	1.45889	104.593	0.0452791	0.779555
2	1.48725	104.593	0.0439597	0.324733
2	1.51304	104.593	0.043278	0.495238
2	1.5414	104.593	0.0428162	0.831715
2	1.56675	104.593	0.0421345	0.826255
2	1.59511	104.593	0.0410349	0.29671
2	1.62347	104.593	0.040793	0.815441
2	1.65055	104.593	0.0396715	0.211952
2	1.6802	104.593	0.0403312	1.85113
2	1.70598	104.593	0.03833	0.0401832
2	1.73434	104.593	0.0383081	0.406636
2	1.76141	104.593	0.038506	0.797947
2	1.78934	104.593	0.0365268	0.0281224
2	1.81771	104.593	0.0382421	2.16008
2	1.81642	104.593	0.036065	0.0396703
2	1.84349	104.593	0.0371425	0.794801
2	1.87443	104.593	0.0349215	0.262051
2	1.9015	104.593	0.036021	0.305654
2	1.92986	104.593	0.0346796	0.0892253
2	1.9608	104.593	0.0350974	0.0799057
2	1.99174	104.593	0.0344157	0.00168122
2	2.02139	104.593	0.0339539	0.085562
2	2.05061	104.593	0.0341518	0.000728801
2	2.07253	104.593	0.0345696	0.303042
2	2.10218	104.593	0.03369	0.0219235
2	2.13312	104.593	0.0338879	0.00410406
2	2.16277	104.593	0.0334261	0.0956414
2	2.19371	104.593	0.033624	0.0118174
2	2.22594	104.593	0.0329423	0.64123
2	2.25559	104.593	0.03358	0.0939497
2	2.28782	104.593	0.03358	0.208958
2	2.31876	104.593	0.0337779	0.116703
2	2.34927	104.593	0.0337559	0.400957
2	2.37892	104.593	0.0343937	0.252896
2	2.41244	104.593	0.0326124	4.64769
2	2.44466	104.593	0.0347895	1.46607
2	2.4756	104.593	0.0358671	0.463882
2	2.50912	104.593	0.036065	1.15442
2	2.54006	104.593	0.0373405	1.22071
2	2.57229	104.593	0.0403972	0.0279617
2	2.60452	104.593	0.0421345	0.023262
2	2.64062	104.593	0.043212	0.769418
2	2.67284	104.593	0.0447294	2.63048
2	2.70507	104.593	0.0490836	0.586993
2	2.71925	104.593	0.0528	0.00744456
2	2.73988	104.593	0.0567364	0.0458752
2	2.77254	104.593	0.0637515	0.0246871
2	2.80348	104.593	0.0724818	0.0441266
2	2.84258	104.593	0.0957042	2.37229
2	2.86364	104.593	0.109097	1.10184
2	2.88684	104.593	0.126205	0.0139579
2	2.91091	104.593	0.152199	0.275146
2	2.9238	104.593	0.168912	0.193674
2	2.93325	104.593	0.182106	0.0178068
2	2.94529	104.593	0.190595	0.678575
2	2.95431	104.593	0.192794	2.17985
2	2.97236	104.593	0.191694	2.26194
2	2.98998	104.593	0.179599	0.126572
2	2.99986	104.593	0.164909	0.0200024
2	3.01232	104.593	0.141907	0.160922
2	3.02349	104.593	0.121499	0.63738
2	3.03338	104.593	0.105204	1.41363
2	3.05701	104.593	0.0797828	0.000704537
2	3.07979	104.593	0.0604748	0.039175
2	3.1017	104.593	0.0492815	0.0964462
2	3.12577	104.593	0.0393856	0.259125
2	3.14768	104.593	0.0345476	0.087954
2	3.17089	104.593	0.0305893	0.145889
2	3.20398	104.593	0.0261911	1.08428
2	3.23749	104.593	0.0235302	2.19805
2	3.26972	104.593	0.0211002	7.55722
2	1.40819	125.318	0.0343493	1.15525
2	1.43397	125.318	0.0312655	0.0517557
2	1.45975	125.318	0.0325676	1.29446
2	1.48768	125.318	0.0316767	0.921761
2	1.51476	125.318	0.0312141	0.561298
2	1.54183	125.318	0.0314369	1.05369
2	1.56761	125.318	0.0309743	0.871254
2	1.59425	125.318	0.0300834	0.41167
2	1.62261	125.318	0.0289699	0.000280322
2	1.65098	125.318	0.0291755	0.139367
2	1.67891	125.318	0.029381	0.717283
2	1.70469	125.318	0.0282675	5.00586e-06
2	1.73176	125.318	0.0286958	0.306434
2	1.75969	125.318	0.0278049	0.01407
2	1.78806	125.318	0.0273595	0.164306
2	1.81513	125.318	0.0280105	0.0245723
2	1.84349	125.318	0.0273252	0.0369271
2	1.87142	125.318	0.0277535	0.0297053
2	1.90107	125.318	0.0275308	3.2005e-06
2	1.93072	125.318	0.0266228	1.06873
2	1.95865	125.318	0.0279248	0.0801347
2	1.98959	125.318	0.0290041	1.6269
2	2.01795	125.318	0.0281133	0.105083
2	2.05018	125.318	0.0283189	0.0185732
2	2.07812	125.318	0.0265543	2.53721
2	2.11034	125.318	0.028079	0.00418273
2	2.14128	125.318	0.0289356	0.256283
2	2.1705	125.318	0.0284731	0.00883029
2	2.20015	125.318	0.0264858	5.02295
2	2.23238	125.318	0.0291069	0.025993
2	2.26418	125.318	0.0277707	2.26702
2	2.29512	125.318	0.0297237	0.150416
2	2.32477	125.318	0.0305974	0.0219661
2	2.35657	125.318	0.0303576	0.909326
2	2.38751	125.318	0.0318652	0.0359813
2	2.41974	125.318	0.0314197	1.01501
2	2.45068	125.318	0.0329445	0.763863
2	2.48248	125.318	0.033801	0.844437
2	2.51471	125.318	0.0357541	0.18267
2	2.54694	125.318	0.0381525	0.0546141
2	2.58003	125.318	0.0392318	0.0954795
2	2.61225	125.318	0.0422813	0.101595
2	2.62772	125.318	0.0422642	0.409043
2	2.64448	125.318	0.0437889	0.299903
2	2.66124	125.318	0.0464101	0.0478663
2	2.68058	125.318	0.0483802	0.0177808
2	2.69734	125.318	0.0488085	0.949815
2	2.72828	125.318	0.0531771	1.00179
2	2.71281	125.318	0.0514297	0.369745
2	2.76137	125.318	0.0592932	1.01056
2	2.79488	125.318	0.0671738	1.59053
2	2.83012	125.318	0.0827123	0.00723035
2	2.85204	125.318	0.0943106	0.161209
2	2.86622	125.318	0.101746	0.00720188
2	2.87524	125.318	0.107228	0.00282224
2	2.88985	125.318	0.118432	0.0180168
2	2.90017	125.318	0.126518	0.0197517
2	2.91177	125.318	0.133714	0.134936
2	2.92337	125.318	0.141611	0.270433
2	2.93368	125.318	0.145809	0.933885
2	2.944	125.318	0.152799	0.0351631
2	2.9556	125.318	0.156705	0.583237
2	2.97107	125.318	0.143616	0.0273329
2	2.98095	125.318	0.138117	2.97517
2	2.99127	125.318	0.119032	1.00549
2	3.00115	125.318	0.101746	0.607371
2	3.01103	125.318	0.0852478	0.410594
2	3.02221	125.318	0.0694523	0.866813
2	3.04369	125.318	0.044457	0.274198
2	3.06647	125.318	0.0299978	2.04936
2	3.09955	125.318	0.0187936	4.63522
2	3.13565	125.318	0.0126416	2.94568
2	3.17003	125.318	0.00933512	0.0177098
2	3.20226	125.318	0.00866013	0.0314372
2	3.23663	125.318	0.00820442	0.814576
2	3.25081	125.318	0.00885543	0.583515
2	3.27015	125.318	0.00862586	1.9647
2	1.4069	116.607	0.0387969	4.33712
2	1.43483	116.607	0.0374803	3.72912
2	1.45932	116.607	0.036822	3.40268
2	1.48897	116.607	0.0350735	0.963156
2	1.51604	116.607	0.0368015	10.2592
2	1.54269	116.607	0.0343947	2.16458
2	1.56718	116.607	0.0339421	2.37144
2	1.59812	116.607	0.0352586	9.45127
2	1.62519	116.607	0.0339421	2.52164
2	1.65226	116.607	0.0332838	2.63492
2	1.6802	116.607	0.0328313	3.38336
2	1.70856	116.607	0.0312884	0.689616
2	1.73563	116.607	0.0310622	0.559449
2	1.7627	116.607	0.0312679	0.925223
2	1.79192	116.607	0.0310416	1.33087
2	1.82028	116.607	0.0299513	0.109312
2	1.84865	116.607	0.030157	0.646129
2	1.87572	116.607	0.031021	2.46994
2	1.90623	116.607	0.030589	2.30606
2	1.93459	116.607	0.0299102	0.513223
2	1.96424	116.607	0.0305685	1.27548
2	1.99475	116.607	0.0301159	0.894114
2	2.0244	116.607	0.0305479	1.19673
2	2.05405	116.607	0.0303216	1.57578
2	2.0837	116.607	0.0312062	1.57225
2	2.11421	116.607	0.0287788	0.18603
2	2.14386	116.607	0.0300953	0.178973
2	2.1748	116.607	0.030733	0.419376
2	2.20574	116.607	0.0302805	0.00486259
2	2.23625	116.607	0.0305067	0.00152318
2	2.26719	116.607	0.032893	3.05268
2	2.29813	116.607	0.0322347	0.467962
2	2.32907	116.607	0.0320084	0.00250161
2	2.36087	116.607	0.0322141	0.263982
2	2.39052	116.607	0.0348472	1.57964
2	2.42404	116.607	0.0341684	0.0753009
2	2.45498	116.607	0.0350324	0.187059
2	2.48549	116.607	0.0365546	0.0434612
2	2.51772	116.607	0.0387351	0.11053
2	2.54866	116.607	0.0413477	0.94466
2	2.58217	116.607	0.0435282	0.870452
2	2.62558	116.607	0.046367	0.0962492
2	2.65136	116.607	0.0481155	0.121334
2	2.6578	116.607	0.0487738	0.163568
2	2.68488	116.607	0.0527028	0.0158976
2	2.69132	116.607	0.0546571	0.240414
2	2.72355	116.607	0.0610135	0.780301
2	2.75062	116.607	0.0675551	1.18233
2	2.75707	116.607	0.0688716	0.833391
2	2.78414	116.607	0.0741172	0.192524
2	2.7893	116.607	0.0793628	1.07084
2	2.81508	116.607	0.0883317	0.0997244
2	2.82539	116.607	0.0962104	1.55237
2	2.84602	116.607	0.109993	2.48393
2	2.85376	116.607	0.114992	1.96974
2	2.86665	116.607	0.130297	6.81606
2	2.88598	116.607	0.141281	0.73258
2	2.89243	116.607	0.148296	0.857498
2	2.89501	116.607	0.151793	1.17159
2	2.90532	116.607	0.161585	0.554603
2	2.91435	116.607	0.168188	0.00522446
2	2.9238	116.607	0.174483	0.379471
2	2.93153	116.607	0.188492	0.416085
2	2.9354	116.607	0.190487	0.206329
2	2.94572	116.607	0.193285	0.00135188
2	2.9599	116.607	0.191392	0.0621461
2	2.9672	116.607	0.183884	0.513649
2	2.96978	116.607	0.175985	3.10258
2	2.97623	116.607	0.171377	1.31878
2	2.98138	116.607	0.165987	0.453578
2	2.9874	116.607	0.151793	2.3112
2	2.99255	116.607	0.144079	1.16834
2	2.99771	116.607	0.131387	3.09795
2	3.00416	116.607	0.121081	1.23556
2	3.00888	116.607	0.108183	5.15898
2	3.01404	116.607	0.103986	0.222073
2	3.02049	116.607	0.0867478	6.73597
2	3.03939	116.607	0.0659505	0.686786
2	3.04197	116.607	0.0624535	0.57798
2	3.05873	116.607	0.0440836	0.242663
2	3.06604	116.607	0.0394757	2.17785
2	3.0828	116.607	0.0307125	5.2805
2	3.09053	116.607	0.0250349	1.69888
2	3.10471	116.607	0.0195589	0.357533
2	3.11373	116.607	0.017798	1.29373
2	3.12749	116.607	0.015169	2.25285
2	3.13393	116.607	0.0123282	0.0170424
2	3.15069	116.607	0.0101394	0.000455162
2	3.18421	116.607	0.00815639	0.0101793
2	3.17003	116.607	0.0081605	0.148175
2	3.20226	116.607	0.00815228	0.281676
2	3.21902	116.607	0.00683573	0.142627
2	3.23535	116.607	0.00661151	0.567358
2	3.26886	116.607	0.00704144	0.526828
440.727

3	0.327015	0	1.74e-07	4.62296
3	0.425979	0	3.78e-07	4.15414
3	0.517982	0	6.26e-07	6.34915
3	0.58201	0	7.61e-07	0.12438
3	0.701987	0	1.09e-06	0.332099
3	0.796998	0	1.36e-06	0.368385
3	1.22998	0	2.5e-06	1.09882
3	1.22998	0	2.46e-06	4.34482
21.3948

4	0.327402	0	1.227e-07	2.7491
4	0.425979	0	2.569e-07	0.0758874
4	0.517982	0	4.297e-07	1.13755
4	0.581494	0	5.323e-07	0.918014
4	0.702417	0	7.795e-07	0.200654
4	0.796783	0	9.741e-07	0.475743
4	1.23372	0	1.723e-06	11.1815
4	1.23471	0	1.788e-06	1.04896
17.7874

5	0.327402	0	5.03e-08	1.01162
5	0.425979	0	1.041e-07	0.769357
5	0.517982	0	1.693e-07	2.11647
5	0.581494	0	2.247e-07	0.118503
5	0.702417	0	3.305e-07	1.58151
5	0.796783	0	4.159e-07	8.08403
5	1.23372	0	7.566e-07	7.14269
5	1.23471	0	7.921e-07	1.44977
22.2739

6	0.0926042	55	2.32e-10	2.02285
6	0.105711	55	5.46e-10	0.621559
6	0.126509	55	1.87e-09	0.572925
6	0.147694	55	4.61e-09	0.0250886
6	0.168879	55	9.35e-09	1.58458
6	0.169481	55	1e-08	0.436458
5.26347

7	0.0932917	55	1.71e-10	0.702566
7	0.106097	55	4.15e-10	0.00411807
7	0.170082	55	7.23e-09	0.159879
0.866563

8	0.0932917	55	6.5e-11	0.89723
8	0.106097	55	1.73e-10	0.0541398
8	0.170082	55	3.02e-09	0.0516948
1.00307

12	0.420006	55	3.33599e-07	1.07694
12	0.505993	55	5.03519e-07	0.559718
12	0.614496	55	7.78305e-07	0.388739
12	0.95002	55	1.64465e-06	0.154821
2.18022

13	0.95161	0	1.86e-06	0.170984
13	0.902794	0	1.78e-06	0.989933
13	0.855998	0	1.45e-06	1.44933
13	1.129	0	2.38e-06	0.512723
13	1.08409	0	2.18e-06	0.00199691
13	0.99398	0	1.93e-06	0.000534151
13	1.26741	0	2.46e-06	1.36858
13	1.15448	0	2.5e-06	1.03947
13	0.815003	0	1.34e-06	2.39422
13	0.671821	0	1.06e-06	0.142945
13	0.671692	0	1e-06	0.254575
13	0.593096	0	8.01e-07	0.0118275
13	0.474279	0	4.89e-07	0.0367131
13	0.384898	0	3.05e-07	2.29632
13	1.45202	0	3.25e-06	0.29349
13	1.37411	0	2.94e-06	0.000729478
13	0.303381	0	1.27e-07	0.000667505
10.965

14	1.05401	0	2.05e-06	0.0798778
14	2.007	0	4.7e-06	1.42021
14	2.80399	0	6.82e-06	0.00572008
1.50581

16	0.700999	0	1.11356e-06	0.00326298
16	0.801982	0	1.32233e-06	0.588849
16	0.902021	0	1.67725e-06	0.035918
16	1.00202	0	1.94123e-06	0.00499589
16	1.00202	0	1.8536e-06	1.65071
16	1.10201	0	2.20773e-06	0.0221352
16	1.10201	0	2.17046e-06	0.660568
16	1.103	0	2.225e-06	0.106575
16	1.20299	0	2.47498e-06	0.0205615
16	1.20299	0	2.44685e-06	0.0547956
16	1.35301	0	2.86737e-06	0.0302202
16	1.40299	0	2.8465e-06	2.87694
16	1.40299	0	2.81904e-06	4.14844
16	1.40299	0	2.89941e-06	0.685972
16	1.50401	0	3.30178e-06	0.365611
16	1.60401	0	3.49053e-06	0.0014405
16	1.704	0	3.79462e-06	0.136254
16	1.704	0	3.72902e-06	0.0455725
16	1.804	0	4.0119e-06	0.0311627
16	1.804	0	4.09536e-06	0.579712
16	1.90399	0	4.31733e-06	0.0749615
16	1.955	0	4.66069e-06	6.01963
16	2.00502	0	4.27827e-06	0.413974
16	2.055	0	4.81556e-06	0.804817
16	2.10502	0	4.68515e-06	0.349814
16	2.15598	0	4.96061e-06	0.851558
16	2.20501	0	5.05852e-06	0.00846009
16	2.20501	0	4.81122e-06	2.06607
16	2.30501	0	5.49673e-06	1.80455
16	2.30599	0	5.2435e-06	0.185274
16	2.40599	0	5.79633e-06	2.37989
16	2.50702	0	5.78662e-06	1.54739
16	2.76201	0	6.70113e-06	0.843111
16	2.85702	0	7.08724e-06	0.0474113
16	2.85702	0	7.1823e-06	0.481416
16	2.90799	0	7.58119e-06	0.449339
16	2.92801	0	7.39535e-06	0.587469
16	2.947	0	7.91832e-06	0.76667
16	2.96802	0	7.83396e-06	0.0384618
16	2.98701	0	7.79247e-06	0.0375533
16	2.988	0	7.65635e-06	0.496189
16	3.00798	0	7.90407e-06	0.720563
16	3.02801	0	7.67512e-06	0.017374
16	3.04799	0	7.60381e-06	0.054632
16	3.06801	0	7.62881e-06	8.85133e-05
16	3.08898	0	7.44381e-06	0.977061
16	3.11	0	7.11339e-06	3.00444
16	3.13002	0	7.72682e-06	0.0115546
37.0894

17	1.47307	55	2.96e-06	0.715242
17	1.79106	55	3.78e-06	0.252086
17	2.11507	55	4.68e-06	0.0393778
17	2.33809	55	5.08e-06	0.66103
17	2.52717	55	6.06e-06	3.02345
4.69119

